<?xml version="1.0" encoding="UTF-8"?>
<testsuite xmlns:xsi="http://www.w3.org/2001/XMLSchema-instance" xsi:noNamespaceSchemaLocation="https://maven.apache.org/surefire/maven-surefire-plugin/xsd/surefire-test-report-3.0.xsd" version="3.0" name="TestSuite" time="60.82" tests="19" errors="0" skipped="0" failures="0">
  <properties>
    <property name="sun.desktop" value="windows"/>
    <property name="awt.toolkit" value="sun.awt.windows.WToolkit"/>
    <property name="file.encoding.pkg" value="sun.io"/>
    <property name="java.specification.version" value="1.8"/>
    <property name="sun.cpu.isalist" value="amd64"/>
    <property name="sun.jnu.encoding" value="Cp1252"/>
    <property name="java.class.path" value="D:\NAGP\RestAssured\target\test-classes;D:\NAGP\RestAssured\target\classes;C:\Users\V1nI\.m2\repository\io\rest-assured\rest-assured\4.4.0\rest-assured-4.4.0.jar;C:\Users\V1nI\.m2\repository\org\codehaus\groovy\groovy\3.0.8\groovy-3.0.8.jar;C:\Users\V1nI\.m2\repository\org\codehaus\groovy\groovy-xml\3.0.8\groovy-xml-3.0.8.jar;C:\Users\V1nI\.m2\repository\org\apache\httpcomponents\httpclient\4.5.13\httpclient-4.5.13.jar;C:\Users\V1nI\.m2\repository\org\apache\httpcomponents\httpcore\4.4.13\httpcore-4.4.13.jar;C:\Users\V1nI\.m2\repository\commons-logging\commons-logging\1.2\commons-logging-1.2.jar;C:\Users\V1nI\.m2\repository\org\apache\httpcomponents\httpmime\4.5.13\httpmime-4.5.13.jar;C:\Users\V1nI\.m2\repository\org\hamcrest\hamcrest\2.1\hamcrest-2.1.jar;C:\Users\V1nI\.m2\repository\org\ccil\cowan\tagsoup\tagsoup\1.2.1\tagsoup-1.2.1.jar;C:\Users\V1nI\.m2\repository\io\rest-assured\xml-path\4.4.0\xml-path-4.4.0.jar;C:\Users\V1nI\.m2\repository\org\apache\commons\commons-lang3\3.11\commons-lang3-3.11.jar;C:\Users\V1nI\.m2\repository\jakarta\xml\bind\jakarta.xml.bind-api\2.3.3\jakarta.xml.bind-api-2.3.3.jar;C:\Users\V1nI\.m2\repository\jakarta\activation\jakarta.activation-api\1.2.2\jakarta.activation-api-1.2.2.jar;C:\Users\V1nI\.m2\repository\com\sun\xml\bind\jaxb-impl\2.3.3\jaxb-impl-2.3.3.jar;C:\Users\V1nI\.m2\repository\io\rest-assured\json-path\4.4.0\json-path-4.4.0.jar;C:\Users\V1nI\.m2\repository\org\codehaus\groovy\groovy-json\3.0.8\groovy-json-3.0.8.jar;C:\Users\V1nI\.m2\repository\io\rest-assured\rest-assured-common\4.4.0\rest-assured-common-4.4.0.jar;C:\Users\V1nI\.m2\repository\io\rest-assured\json-schema-validator\4.4.0\json-schema-validator-4.4.0.jar;C:\Users\V1nI\.m2\repository\com\github\java-json-tools\json-schema-validator\2.2.14\json-schema-validator-2.2.14.jar;C:\Users\V1nI\.m2\repository\com\google\guava\guava\28.2-android\guava-28.2-android.jar;C:\Users\V1nI\.m2\repository\com\google\guava\failureaccess\1.0.1\failureaccess-1.0.1.jar;C:\Users\V1nI\.m2\repository\com\google\guava\listenablefuture\9999.0-empty-to-avoid-conflict-with-guava\listenablefuture-9999.0-empty-to-avoid-conflict-with-guava.jar;C:\Users\V1nI\.m2\repository\org\checkerframework\checker-compat-qual\2.5.5\checker-compat-qual-2.5.5.jar;C:\Users\V1nI\.m2\repository\com\google\errorprone\error_prone_annotations\2.3.4\error_prone_annotations-2.3.4.jar;C:\Users\V1nI\.m2\repository\com\google\j2objc\j2objc-annotations\1.3\j2objc-annotations-1.3.jar;C:\Users\V1nI\.m2\repository\com\github\java-json-tools\jackson-coreutils-equivalence\1.0\jackson-coreutils-equivalence-1.0.jar;C:\Users\V1nI\.m2\repository\com\fasterxml\jackson\core\jackson-databind\2.11.0\jackson-databind-2.11.0.jar;C:\Users\V1nI\.m2\repository\com\fasterxml\jackson\core\jackson-annotations\2.11.0\jackson-annotations-2.11.0.jar;C:\Users\V1nI\.m2\repository\com\fasterxml\jackson\core\jackson-core\2.11.0\jackson-core-2.11.0.jar;C:\Users\V1nI\.m2\repository\com\github\java-json-tools\jackson-coreutils\2.0\jackson-coreutils-2.0.jar;C:\Users\V1nI\.m2\repository\com\github\java-json-tools\msg-simple\1.2\msg-simple-1.2.jar;C:\Users\V1nI\.m2\repository\com\github\java-json-tools\btf\1.3\btf-1.3.jar;C:\Users\V1nI\.m2\repository\com\github\java-json-tools\json-schema-core\1.2.14\json-schema-core-1.2.14.jar;C:\Users\V1nI\.m2\repository\com\github\java-json-tools\uri-template\0.10\uri-template-0.10.jar;C:\Users\V1nI\.m2\repository\org\mozilla\rhino\1.7.7.2\rhino-1.7.7.2.jar;C:\Users\V1nI\.m2\repository\com\sun\mail\mailapi\1.6.2\mailapi-1.6.2.jar;C:\Users\V1nI\.m2\repository\joda-time\joda-time\2.10.5\joda-time-2.10.5.jar;C:\Users\V1nI\.m2\repository\com\googlecode\libphonenumber\libphonenumber\8.11.1\libphonenumber-8.11.1.jar;C:\Users\V1nI\.m2\repository\net\sf\jopt-simple\jopt-simple\5.0.4\jopt-simple-5.0.4.jar;C:\Users\V1nI\.m2\repository\org\testng\testng\7.5\testng-7.5.jar;C:\Users\V1nI\.m2\repository\com\google\code\findbugs\jsr305\3.0.1\jsr305-3.0.1.jar;C:\Users\V1nI\.m2\repository\org\slf4j\slf4j-api\1.7.32\slf4j-api-1.7.32.jar;C:\Users\V1nI\.m2\repository\com\beust\jcommander\1.78\jcommander-1.78.jar;C:\Users\V1nI\.m2\repository\org\webjars\jquery\3.5.1\jquery-3.5.1.jar;C:\Users\V1nI\.m2\repository\org\apache\poi\poi\5.2.0\poi-5.2.0.jar;C:\Users\V1nI\.m2\repository\commons-codec\commons-codec\1.15\commons-codec-1.15.jar;C:\Users\V1nI\.m2\repository\org\apache\commons\commons-collections4\4.4\commons-collections4-4.4.jar;C:\Users\V1nI\.m2\repository\org\apache\commons\commons-math3\3.6.1\commons-math3-3.6.1.jar;C:\Users\V1nI\.m2\repository\commons-io\commons-io\2.11.0\commons-io-2.11.0.jar;C:\Users\V1nI\.m2\repository\com\zaxxer\SparseBitSet\1.2\SparseBitSet-1.2.jar;C:\Users\V1nI\.m2\repository\org\apache\logging\log4j\log4j-api\2.17.1\log4j-api-2.17.1.jar;C:\Users\V1nI\.m2\repository\org\apache\poi\poi-ooxml\3.9\poi-ooxml-3.9.jar;C:\Users\V1nI\.m2\repository\org\apache\poi\poi-ooxml-schemas\3.9\poi-ooxml-schemas-3.9.jar;C:\Users\V1nI\.m2\repository\org\apache\xmlbeans\xmlbeans\2.3.0\xmlbeans-2.3.0.jar;C:\Users\V1nI\.m2\repository\stax\stax-api\1.0.1\stax-api-1.0.1.jar;C:\Users\V1nI\.m2\repository\dom4j\dom4j\1.6.1\dom4j-1.6.1.jar;C:\Users\V1nI\.m2\repository\xml-apis\xml-apis\1.0.b2\xml-apis-1.0.b2.jar;C:\Users\V1nI\.m2\repository\com\googlecode\json-simple\json-simple\1.1.1\json-simple-1.1.1.jar;C:\Users\V1nI\.m2\repository\junit\junit\4.10\junit-4.10.jar;C:\Users\V1nI\.m2\repository\org\hamcrest\hamcrest-core\1.1\hamcrest-core-1.1.jar;C:\Users\V1nI\.m2\repository\com\aventstack\extentreports\5.0.8\extentreports-5.0.8.jar;C:\Users\V1nI\.m2\repository\io\reactivex\rxjava3\rxjava\3.0.4\rxjava-3.0.4.jar;C:\Users\V1nI\.m2\repository\org\reactivestreams\reactive-streams\1.0.3\reactive-streams-1.0.3.jar;C:\Users\V1nI\.m2\repository\org\freemarker\freemarker\2.3.30\freemarker-2.3.30.jar;C:\Users\V1nI\.m2\repository\org\projectlombok\lombok\1.18.12\lombok-1.18.12.jar;C:\Users\V1nI\.m2\repository\com\google\code\gson\gson\2.8.6\gson-2.8.6.jar;C:\Users\V1nI\.m2\repository\log4j\log4j\1.2.17\log4j-1.2.17.jar;"/>
    <property name="java.vm.vendor" value="Oracle Corporation"/>
    <property name="sun.arch.data.model" value="64"/>
    <property name="user.variant" value=""/>
    <property name="java.vendor.url" value="http://java.oracle.com/"/>
    <property name="user.timezone" value="Asia/Calcutta"/>
    <property name="java.vm.specification.version" value="1.8"/>
    <property name="os.name" value="Windows 10"/>
    <property name="user.country" value="IN"/>
    <property name="sun.java.launcher" value="SUN_STANDARD"/>
    <property name="sun.boot.library.path" value="C:\Program Files\Java\jdk1.8.0_261\jre\bin"/>
    <property name="sun.java.command" value="C:\Users\V1nI\AppData\Local\Temp\surefire9023814798692405223\surefirebooter1879740737576331743.jar C:\Users\V1nI\AppData\Local\Temp\surefire9023814798692405223 2022-02-03T07-00-35_724-jvmRun1 surefire7024636597798223278tmp surefire_08163242735333509767tmp"/>
    <property name="surefire.test.class.path" value="D:\NAGP\RestAssured\target\test-classes;D:\NAGP\RestAssured\target\classes;C:\Users\V1nI\.m2\repository\io\rest-assured\rest-assured\4.4.0\rest-assured-4.4.0.jar;C:\Users\V1nI\.m2\repository\org\codehaus\groovy\groovy\3.0.8\groovy-3.0.8.jar;C:\Users\V1nI\.m2\repository\org\codehaus\groovy\groovy-xml\3.0.8\groovy-xml-3.0.8.jar;C:\Users\V1nI\.m2\repository\org\apache\httpcomponents\httpclient\4.5.13\httpclient-4.5.13.jar;C:\Users\V1nI\.m2\repository\org\apache\httpcomponents\httpcore\4.4.13\httpcore-4.4.13.jar;C:\Users\V1nI\.m2\repository\commons-logging\commons-logging\1.2\commons-logging-1.2.jar;C:\Users\V1nI\.m2\repository\org\apache\httpcomponents\httpmime\4.5.13\httpmime-4.5.13.jar;C:\Users\V1nI\.m2\repository\org\hamcrest\hamcrest\2.1\hamcrest-2.1.jar;C:\Users\V1nI\.m2\repository\org\ccil\cowan\tagsoup\tagsoup\1.2.1\tagsoup-1.2.1.jar;C:\Users\V1nI\.m2\repository\io\rest-assured\xml-path\4.4.0\xml-path-4.4.0.jar;C:\Users\V1nI\.m2\repository\org\apache\commons\commons-lang3\3.11\commons-lang3-3.11.jar;C:\Users\V1nI\.m2\repository\jakarta\xml\bind\jakarta.xml.bind-api\2.3.3\jakarta.xml.bind-api-2.3.3.jar;C:\Users\V1nI\.m2\repository\jakarta\activation\jakarta.activation-api\1.2.2\jakarta.activation-api-1.2.2.jar;C:\Users\V1nI\.m2\repository\com\sun\xml\bind\jaxb-impl\2.3.3\jaxb-impl-2.3.3.jar;C:\Users\V1nI\.m2\repository\io\rest-assured\json-path\4.4.0\json-path-4.4.0.jar;C:\Users\V1nI\.m2\repository\org\codehaus\groovy\groovy-json\3.0.8\groovy-json-3.0.8.jar;C:\Users\V1nI\.m2\repository\io\rest-assured\rest-assured-common\4.4.0\rest-assured-common-4.4.0.jar;C:\Users\V1nI\.m2\repository\io\rest-assured\json-schema-validator\4.4.0\json-schema-validator-4.4.0.jar;C:\Users\V1nI\.m2\repository\com\github\java-json-tools\json-schema-validator\2.2.14\json-schema-validator-2.2.14.jar;C:\Users\V1nI\.m2\repository\com\google\guava\guava\28.2-android\guava-28.2-android.jar;C:\Users\V1nI\.m2\repository\com\google\guava\failureaccess\1.0.1\failureaccess-1.0.1.jar;C:\Users\V1nI\.m2\repository\com\google\guava\listenablefuture\9999.0-empty-to-avoid-conflict-with-guava\listenablefuture-9999.0-empty-to-avoid-conflict-with-guava.jar;C:\Users\V1nI\.m2\repository\org\checkerframework\checker-compat-qual\2.5.5\checker-compat-qual-2.5.5.jar;C:\Users\V1nI\.m2\repository\com\google\errorprone\error_prone_annotations\2.3.4\error_prone_annotations-2.3.4.jar;C:\Users\V1nI\.m2\repository\com\google\j2objc\j2objc-annotations\1.3\j2objc-annotations-1.3.jar;C:\Users\V1nI\.m2\repository\com\github\java-json-tools\jackson-coreutils-equivalence\1.0\jackson-coreutils-equivalence-1.0.jar;C:\Users\V1nI\.m2\repository\com\fasterxml\jackson\core\jackson-databind\2.11.0\jackson-databind-2.11.0.jar;C:\Users\V1nI\.m2\repository\com\fasterxml\jackson\core\jackson-annotations\2.11.0\jackson-annotations-2.11.0.jar;C:\Users\V1nI\.m2\repository\com\fasterxml\jackson\core\jackson-core\2.11.0\jackson-core-2.11.0.jar;C:\Users\V1nI\.m2\repository\com\github\java-json-tools\jackson-coreutils\2.0\jackson-coreutils-2.0.jar;C:\Users\V1nI\.m2\repository\com\github\java-json-tools\msg-simple\1.2\msg-simple-1.2.jar;C:\Users\V1nI\.m2\repository\com\github\java-json-tools\btf\1.3\btf-1.3.jar;C:\Users\V1nI\.m2\repository\com\github\java-json-tools\json-schema-core\1.2.14\json-schema-core-1.2.14.jar;C:\Users\V1nI\.m2\repository\com\github\java-json-tools\uri-template\0.10\uri-template-0.10.jar;C:\Users\V1nI\.m2\repository\org\mozilla\rhino\1.7.7.2\rhino-1.7.7.2.jar;C:\Users\V1nI\.m2\repository\com\sun\mail\mailapi\1.6.2\mailapi-1.6.2.jar;C:\Users\V1nI\.m2\repository\joda-time\joda-time\2.10.5\joda-time-2.10.5.jar;C:\Users\V1nI\.m2\repository\com\googlecode\libphonenumber\libphonenumber\8.11.1\libphonenumber-8.11.1.jar;C:\Users\V1nI\.m2\repository\net\sf\jopt-simple\jopt-simple\5.0.4\jopt-simple-5.0.4.jar;C:\Users\V1nI\.m2\repository\org\testng\testng\7.5\testng-7.5.jar;C:\Users\V1nI\.m2\repository\com\google\code\findbugs\jsr305\3.0.1\jsr305-3.0.1.jar;C:\Users\V1nI\.m2\repository\org\slf4j\slf4j-api\1.7.32\slf4j-api-1.7.32.jar;C:\Users\V1nI\.m2\repository\com\beust\jcommander\1.78\jcommander-1.78.jar;C:\Users\V1nI\.m2\repository\org\webjars\jquery\3.5.1\jquery-3.5.1.jar;C:\Users\V1nI\.m2\repository\org\apache\poi\poi\5.2.0\poi-5.2.0.jar;C:\Users\V1nI\.m2\repository\commons-codec\commons-codec\1.15\commons-codec-1.15.jar;C:\Users\V1nI\.m2\repository\org\apache\commons\commons-collections4\4.4\commons-collections4-4.4.jar;C:\Users\V1nI\.m2\repository\org\apache\commons\commons-math3\3.6.1\commons-math3-3.6.1.jar;C:\Users\V1nI\.m2\repository\commons-io\commons-io\2.11.0\commons-io-2.11.0.jar;C:\Users\V1nI\.m2\repository\com\zaxxer\SparseBitSet\1.2\SparseBitSet-1.2.jar;C:\Users\V1nI\.m2\repository\org\apache\logging\log4j\log4j-api\2.17.1\log4j-api-2.17.1.jar;C:\Users\V1nI\.m2\repository\org\apache\poi\poi-ooxml\3.9\poi-ooxml-3.9.jar;C:\Users\V1nI\.m2\repository\org\apache\poi\poi-ooxml-schemas\3.9\poi-ooxml-schemas-3.9.jar;C:\Users\V1nI\.m2\repository\org\apache\xmlbeans\xmlbeans\2.3.0\xmlbeans-2.3.0.jar;C:\Users\V1nI\.m2\repository\stax\stax-api\1.0.1\stax-api-1.0.1.jar;C:\Users\V1nI\.m2\repository\dom4j\dom4j\1.6.1\dom4j-1.6.1.jar;C:\Users\V1nI\.m2\repository\xml-apis\xml-apis\1.0.b2\xml-apis-1.0.b2.jar;C:\Users\V1nI\.m2\repository\com\googlecode\json-simple\json-simple\1.1.1\json-simple-1.1.1.jar;C:\Users\V1nI\.m2\repository\junit\junit\4.10\junit-4.10.jar;C:\Users\V1nI\.m2\repository\org\hamcrest\hamcrest-core\1.1\hamcrest-core-1.1.jar;C:\Users\V1nI\.m2\repository\com\aventstack\extentreports\5.0.8\extentreports-5.0.8.jar;C:\Users\V1nI\.m2\repository\io\reactivex\rxjava3\rxjava\3.0.4\rxjava-3.0.4.jar;C:\Users\V1nI\.m2\repository\org\reactivestreams\reactive-streams\1.0.3\reactive-streams-1.0.3.jar;C:\Users\V1nI\.m2\repository\org\freemarker\freemarker\2.3.30\freemarker-2.3.30.jar;C:\Users\V1nI\.m2\repository\org\projectlombok\lombok\1.18.12\lombok-1.18.12.jar;C:\Users\V1nI\.m2\repository\com\google\code\gson\gson\2.8.6\gson-2.8.6.jar;C:\Users\V1nI\.m2\repository\log4j\log4j\1.2.17\log4j-1.2.17.jar;"/>
    <property name="sun.cpu.endian" value="little"/>
    <property name="user.home" value="C:\Users\V1nI"/>
    <property name="user.language" value="en"/>
    <property name="java.specification.vendor" value="Oracle Corporation"/>
    <property name="java.home" value="C:\Program Files\Java\jdk1.8.0_261\jre"/>
    <property name="basedir" value="D:\NAGP\RestAssured"/>
    <property name="file.separator" value="\"/>
    <property name="line.separator" value="&#10;"/>
    <property name="java.vm.specification.vendor" value="Oracle Corporation"/>
    <property name="java.specification.name" value="Java Platform API Specification"/>
    <property name="java.awt.graphicsenv" value="sun.awt.Win32GraphicsEnvironment"/>
    <property name="testngXML" value="Regression.xml"/>
    <property name="surefire.real.class.path" value="C:\Users\V1nI\AppData\Local\Temp\surefire9023814798692405223\surefirebooter1879740737576331743.jar"/>
    <property name="sun.boot.class.path" value="C:\Program Files\Java\jdk1.8.0_261\jre\lib\resources.jar;C:\Program Files\Java\jdk1.8.0_261\jre\lib\rt.jar;C:\Program Files\Java\jdk1.8.0_261\jre\lib\sunrsasign.jar;C:\Program Files\Java\jdk1.8.0_261\jre\lib\jsse.jar;C:\Program Files\Java\jdk1.8.0_261\jre\lib\jce.jar;C:\Program Files\Java\jdk1.8.0_261\jre\lib\charsets.jar;C:\Program Files\Java\jdk1.8.0_261\jre\lib\jfr.jar;C:\Program Files\Java\jdk1.8.0_261\jre\classes"/>
    <property name="user.script" value=""/>
    <property name="sun.management.compiler" value="HotSpot 64-Bit Tiered Compilers"/>
    <property name="java.runtime.version" value="1.8.0_261-b12"/>
    <property name="user.name" value="V1nI"/>
    <property name="path.separator" value=";"/>
    <property name="os.version" value="10.0"/>
    <property name="java.endorsed.dirs" value="C:\Program Files\Java\jdk1.8.0_261\jre\lib\endorsed"/>
    <property name="java.runtime.name" value="Java(TM) SE Runtime Environment"/>
    <property name="file.encoding" value="Cp1252"/>
    <property name="java.vm.name" value="Java HotSpot(TM) 64-Bit Server VM"/>
    <property name="localRepository" value="C:\Users\V1nI\.m2\repository"/>
    <property name="java.vendor.url.bug" value="http://bugreport.sun.com/bugreport/"/>
    <property name="java.io.tmpdir" value="C:\Users\V1nI\AppData\Local\Temp\"/>
    <property name="java.version" value="1.8.0_261"/>
    <property name="user.dir" value="D:\NAGP\RestAssured"/>
    <property name="os.arch" value="amd64"/>
    <property name="java.vm.specification.name" value="Java Virtual Machine Specification"/>
    <property name="java.awt.printerjob" value="sun.awt.windows.WPrinterJob"/>
    <property name="sun.os.patch.level" value=""/>
    <property name="java.library.path" value="C:\Program Files\Java\jdk1.8.0_261\jre\bin;C:\WINDOWS\Sun\Java\bin;C:\WINDOWS\system32;C:\WINDOWS;C:\Python310\Scripts\;C:\Python310\;C:\Program Files (x86)\Common Files\Oracle\Java\javapath;C:\Program Files\HPE\NV\lib\shunra\vcat;C:\Windows\system32;C:\Windows;C:\Windows\System32\Wbem;C:\Windows\System32\WindowsPowerShell\v1.0\;C:\Program Files (x86)\NVIDIA Corporation\PhysX\Common;C:\Program Files\Intel\WiFi\bin\;C:\Program Files\Common Files\Intel\WirelessCommon\;C:\WINDOWS\system32;C:\WINDOWS;C:\WINDOWS\System32\Wbem;C:\WINDOWS\System32\WindowsPowerShell\v1.0\;C:\WINDOWS\System32\OpenSSH\;C:\Program Files (x86)\HPE\LoadRunner\strawberry-perl\perl\bin;C:\Program Files\NVIDIA Corporation\NVIDIA NvDLISR;C:\Program Files\Git\cmd;C:\WINDOWS\system32;C:\WINDOWS;C:\WINDOWS\System32\Wbem;C:\WINDOWS\System32\WindowsPowerShell\v1.0\;C:\WINDOWS\System32\OpenSSH\;;C:\ProgramData\chocolatey\bin;C:\Program Files\nodejs\;C:\Users\V1nI\AppData\Local\Microsoft\WindowsApps;C:\Program Files\Intel\WiFi\bin\;C:\Program Files\Common Files\Intel\WirelessCommon\;C:\Program Files\Java\jdk1.8.0_172\bin;C:\Users\V1nI\AppData\Local\Microsoft\WindowsApps;C:\Program Files\Java\jdk1.8.0_261\bin;D:\Software\apache-maven-3.8.1\bin;C:\Users\V1nI\AppData\Local\GitHubDesktop\bin;C:\Users\V1nI\AppData\Local\Programs\Microsoft VS Code\bin;C:\Users\V1nI\AppData\Roaming\npm;C:\Users\V1nI\AppData\Local\Android\Sdk\tools;C:\Users\V1nI\AppData\Local\Android\Sdk\platform-tools;."/>
    <property name="java.vm.info" value="mixed mode"/>
    <property name="java.vendor" value="Oracle Corporation"/>
    <property name="java.vm.version" value="25.261-b12"/>
    <property name="java.ext.dirs" value="C:\Program Files\Java\jdk1.8.0_261\jre\lib\ext;C:\WINDOWS\Sun\Java\lib\ext"/>
    <property name="sun.io.unicode.encoding" value="UnicodeLittle"/>
    <property name="java.class.version" value="52.0"/>
  </properties>
  <testcase name="testFlow1[GetBoard](1)" classname="com.Trello.tests.TestFlow1" time="4.349">
    <system-out><![CDATA[onStart
onTestStart
[
    {
        "name": "Testing_Board_3241",
        "desc": "",
        "descData": null,
        "closed": false,
        "dateClosed": null,
        "idOrganization": "61e83b2d16e67b88b3bd9165",
        "idEnterprise": null,
        "limits": null,
        "pinned": null,
        "shortLink": "KuaQMwvx",
        "powerUps": [
            
        ],
        "dateLastActivity": "2022-01-27T15:59:39.262Z",
        "idTags": [
            
        ],
        "datePluginDisable": null,
        "creationMethod": "automatic",
        "ixUpdate": null,
        "enterpriseOwned": false,
        "idBoardSource": null,
        "idMemberCreator": "61e83b1051c59185a1ac68c4",
        "id": "61e99ffc4c322388e39c7520",
        "starred": false,
        "url": "https://trello.com/b/KuaQMwvx/testingboard3241",
        "prefs": {
            "permissionLevel": "org",
            "hideVotes": false,
            "voting": "disabled",
            "comments": "members",
            "invitations": "members",
            "selfJoin": true,
            "cardCovers": true,
            "isTemplate": false,
            "cardAging": "regular",
            "calendarFeedEnabled": false,
            "hiddenPluginBoardButtons": [
                
            ],
            "background": "61e98c8768d3cd3261c9213c",
            "backgroundImage": "https://trello-backgrounds.s3.amazonaws.com/SharedBackground/original/079bc501abdf40f4aa1b5b40afd4f628/photo-1642418379704-cee4daa4679b",
            "backgroundImageScaled": [
                {
                    "width": 140,
                    "height": 84,
                    "url": "https://trello-backgrounds.s3.amazonaws.com/SharedBackground/140x84/3f5f2bad9b2520cf504e944ed62aa0b2/photo-1642418379704-cee4daa4679b.jpg"
                },
                {
                    "width": 256,
                    "height": 154,
                    "url": "https://trello-backgrounds.s3.amazonaws.com/SharedBackground/256x154/3f5f2bad9b2520cf504e944ed62aa0b2/photo-1642418379704-cee4daa4679b.jpg"
                },
                {
                    "width": 480,
                    "height": 288,
                    "url": "https://trello-backgrounds.s3.amazonaws.com/SharedBackground/480x288/3f5f2bad9b2520cf504e944ed62aa0b2/photo-1642418379704-cee4daa4679b.jpg"
                },
                {
                    "width": 960,
                    "height": 576,
                    "url": "https://trello-backgrounds.s3.amazonaws.com/SharedBackground/960x576/3f5f2bad9b2520cf504e944ed62aa0b2/photo-1642418379704-cee4daa4679b.jpg"
                },
                {
                    "width": 1024,
                    "height": 614,
                    "url": "https://trello-backgrounds.s3.amazonaws.com/SharedBackground/1024x614/3f5f2bad9b2520cf504e944ed62aa0b2/photo-1642418379704-cee4daa4679b.jpg"
                },
                {
                    "width": 1280,
                    "height": 768,
                    "url": "https://trello-backgrounds.s3.amazonaws.com/SharedBackground/1280x768/3f5f2bad9b2520cf504e944ed62aa0b2/photo-1642418379704-cee4daa4679b.jpg"
                },
                {
                    "width": 1920,
                    "height": 1152,
                    "url": "https://trello-backgrounds.s3.amazonaws.com/SharedBackground/1920x1152/3f5f2bad9b2520cf504e944ed62aa0b2/photo-1642418379704-cee4daa4679b.jpg"
                },
                {
                    "width": 2048,
                    "height": 1229,
                    "url": "https://trello-backgrounds.s3.amazonaws.com/SharedBackground/2048x1229/3f5f2bad9b2520cf504e944ed62aa0b2/photo-1642418379704-cee4daa4679b.jpg"
                },
                {
                    "width": 2560,
                    "height": 1536,
                    "url": "https://trello-backgrounds.s3.amazonaws.com/SharedBackground/original/079bc501abdf40f4aa1b5b40afd4f628/photo-1642418379704-cee4daa4679b"
                }
            ],
            "backgroundTile": false,
            "backgroundBrightness": "dark",
            "backgroundBottomColor": "#37424b",
            "backgroundTopColor": "#3b5565",
            "canBePublic": true,
            "canBeEnterprise": true,
            "canBeOrg": true,
            "canBePrivate": true,
            "canInvite": true
        },
        "subscribed": false,
        "labelNames": {
            "green": "",
            "yellow": "",
            "orange": "",
            "red": "",
            "purple": "",
            "blue": "",
            "sky": "",
            "lime": "",
            "pink": "",
            "black": ""
        },
        "dateLastView": "2022-01-27T15:59:39.370Z",
        "shortUrl": "https://trello.com/b/KuaQMwvx",
        "templateGallery": null,
        "premiumFeatures": [
            "additionalBoardBackgrounds",
            "additionalStickers",
            "customBoardBackgrounds",
            "customEmoji",
            "customStickers",
            "plugins"
        ],
        "memberships": [
            {
                "id": "61e99ffc4c322388e39c7525",
                "idMember": "61e83b1051c59185a1ac68c4",
                "memberType": "admin",
                "unconfirmed": false,
                "deactivated": false
            }
        ]
    }
]
onTestSuccess
]]></system-out>
    <system-err><![CDATA[SLF4J: Failed to load class "org.slf4j.impl.StaticLoggerBinder".
SLF4J: Defaulting to no-operation (NOP) logger implementation
SLF4J: See http://www.slf4j.org/codes.html#StaticLoggerBinder for further details.
]]></system-err>
  </testcase>
  <testcase name="testFlow1[UpdateBoard](2)" classname="com.Trello.tests.TestFlow1" time="1.819">
    <system-out><![CDATA[onTestStart
[
    {
        "name": "Testing_Board_3241",
        "desc": "",
        "descData": null,
        "closed": false,
        "dateClosed": null,
        "idOrganization": "61e83b2d16e67b88b3bd9165",
        "idEnterprise": null,
        "limits": null,
        "pinned": null,
        "shortLink": "KuaQMwvx",
        "powerUps": [
            
        ],
        "dateLastActivity": "2022-01-27T15:59:39.262Z",
        "idTags": [
            
        ],
        "datePluginDisable": null,
        "creationMethod": "automatic",
        "ixUpdate": null,
        "enterpriseOwned": false,
        "idBoardSource": null,
        "idMemberCreator": "61e83b1051c59185a1ac68c4",
        "id": "61e99ffc4c322388e39c7520",
        "starred": false,
        "url": "https://trello.com/b/KuaQMwvx/testingboard3241",
        "prefs": {
            "permissionLevel": "org",
            "hideVotes": false,
            "voting": "disabled",
            "comments": "members",
            "invitations": "members",
            "selfJoin": true,
            "cardCovers": true,
            "isTemplate": false,
            "cardAging": "regular",
            "calendarFeedEnabled": false,
            "hiddenPluginBoardButtons": [
                
            ],
            "background": "61e98c8768d3cd3261c9213c",
            "backgroundImage": "https://trello-backgrounds.s3.amazonaws.com/SharedBackground/original/079bc501abdf40f4aa1b5b40afd4f628/photo-1642418379704-cee4daa4679b",
            "backgroundImageScaled": [
                {
                    "width": 140,
                    "height": 84,
                    "url": "https://trello-backgrounds.s3.amazonaws.com/SharedBackground/140x84/3f5f2bad9b2520cf504e944ed62aa0b2/photo-1642418379704-cee4daa4679b.jpg"
                },
                {
                    "width": 256,
                    "height": 154,
                    "url": "https://trello-backgrounds.s3.amazonaws.com/SharedBackground/256x154/3f5f2bad9b2520cf504e944ed62aa0b2/photo-1642418379704-cee4daa4679b.jpg"
                },
                {
                    "width": 480,
                    "height": 288,
                    "url": "https://trello-backgrounds.s3.amazonaws.com/SharedBackground/480x288/3f5f2bad9b2520cf504e944ed62aa0b2/photo-1642418379704-cee4daa4679b.jpg"
                },
                {
                    "width": 960,
                    "height": 576,
                    "url": "https://trello-backgrounds.s3.amazonaws.com/SharedBackground/960x576/3f5f2bad9b2520cf504e944ed62aa0b2/photo-1642418379704-cee4daa4679b.jpg"
                },
                {
                    "width": 1024,
                    "height": 614,
                    "url": "https://trello-backgrounds.s3.amazonaws.com/SharedBackground/1024x614/3f5f2bad9b2520cf504e944ed62aa0b2/photo-1642418379704-cee4daa4679b.jpg"
                },
                {
                    "width": 1280,
                    "height": 768,
                    "url": "https://trello-backgrounds.s3.amazonaws.com/SharedBackground/1280x768/3f5f2bad9b2520cf504e944ed62aa0b2/photo-1642418379704-cee4daa4679b.jpg"
                },
                {
                    "width": 1920,
                    "height": 1152,
                    "url": "https://trello-backgrounds.s3.amazonaws.com/SharedBackground/1920x1152/3f5f2bad9b2520cf504e944ed62aa0b2/photo-1642418379704-cee4daa4679b.jpg"
                },
                {
                    "width": 2048,
                    "height": 1229,
                    "url": "https://trello-backgrounds.s3.amazonaws.com/SharedBackground/2048x1229/3f5f2bad9b2520cf504e944ed62aa0b2/photo-1642418379704-cee4daa4679b.jpg"
                },
                {
                    "width": 2560,
                    "height": 1536,
                    "url": "https://trello-backgrounds.s3.amazonaws.com/SharedBackground/original/079bc501abdf40f4aa1b5b40afd4f628/photo-1642418379704-cee4daa4679b"
                }
            ],
            "backgroundTile": false,
            "backgroundBrightness": "dark",
            "backgroundBottomColor": "#37424b",
            "backgroundTopColor": "#3b5565",
            "canBePublic": true,
            "canBeEnterprise": true,
            "canBeOrg": true,
            "canBePrivate": true,
            "canInvite": true
        },
        "subscribed": false,
        "labelNames": {
            "green": "",
            "yellow": "",
            "orange": "",
            "red": "",
            "purple": "",
            "blue": "",
            "sky": "",
            "lime": "",
            "pink": "",
            "black": ""
        },
        "dateLastView": "2022-01-27T15:59:39.370Z",
        "shortUrl": "https://trello.com/b/KuaQMwvx",
        "templateGallery": null,
        "premiumFeatures": [
            "additionalBoardBackgrounds",
            "additionalStickers",
            "customBoardBackgrounds",
            "customEmoji",
            "customStickers",
            "plugins"
        ],
        "memberships": [
            {
                "id": "61e99ffc4c322388e39c7525",
                "idMember": "61e83b1051c59185a1ac68c4",
                "memberType": "admin",
                "unconfirmed": false,
                "deactivated": false
            }
        ]
    }
]
{
    "id": "61e99ffc4c322388e39c7520",
    "name": "Testing_Board_5013",
    "desc": "",
    "descData": null,
    "closed": false,
    "idOrganization": "61e83b2d16e67b88b3bd9165",
    "idEnterprise": null,
    "pinned": false,
    "url": "https://trello.com/b/KuaQMwvx/testingboard5013",
    "shortUrl": "https://trello.com/b/KuaQMwvx",
    "prefs": {
        "permissionLevel": "org",
        "hideVotes": false,
        "voting": "disabled",
        "comments": "members",
        "invitations": "members",
        "selfJoin": true,
        "cardCovers": true,
        "isTemplate": false,
        "cardAging": "regular",
        "calendarFeedEnabled": false,
        "hiddenPluginBoardButtons": [
            
        ],
        "background": "61e98c8768d3cd3261c9213c",
        "backgroundImage": "https://trello-backgrounds.s3.amazonaws.com/SharedBackground/original/079bc501abdf40f4aa1b5b40afd4f628/photo-1642418379704-cee4daa4679b",
        "backgroundImageScaled": [
            {
                "width": 140,
                "height": 84,
                "url": "https://trello-backgrounds.s3.amazonaws.com/SharedBackground/140x84/3f5f2bad9b2520cf504e944ed62aa0b2/photo-1642418379704-cee4daa4679b.jpg"
            },
            {
                "width": 256,
                "height": 154,
                "url": "https://trello-backgrounds.s3.amazonaws.com/SharedBackground/256x154/3f5f2bad9b2520cf504e944ed62aa0b2/photo-1642418379704-cee4daa4679b.jpg"
            },
            {
                "width": 480,
                "height": 288,
                "url": "https://trello-backgrounds.s3.amazonaws.com/SharedBackground/480x288/3f5f2bad9b2520cf504e944ed62aa0b2/photo-1642418379704-cee4daa4679b.jpg"
            },
            {
                "width": 960,
                "height": 576,
                "url": "https://trello-backgrounds.s3.amazonaws.com/SharedBackground/960x576/3f5f2bad9b2520cf504e944ed62aa0b2/photo-1642418379704-cee4daa4679b.jpg"
            },
            {
                "width": 1024,
                "height": 614,
                "url": "https://trello-backgrounds.s3.amazonaws.com/SharedBackground/1024x614/3f5f2bad9b2520cf504e944ed62aa0b2/photo-1642418379704-cee4daa4679b.jpg"
            },
            {
                "width": 1280,
                "height": 768,
                "url": "https://trello-backgrounds.s3.amazonaws.com/SharedBackground/1280x768/3f5f2bad9b2520cf504e944ed62aa0b2/photo-1642418379704-cee4daa4679b.jpg"
            },
            {
                "width": 1920,
                "height": 1152,
                "url": "https://trello-backgrounds.s3.amazonaws.com/SharedBackground/1920x1152/3f5f2bad9b2520cf504e944ed62aa0b2/photo-1642418379704-cee4daa4679b.jpg"
            },
            {
                "width": 2048,
                "height": 1229,
                "url": "https://trello-backgrounds.s3.amazonaws.com/SharedBackground/2048x1229/3f5f2bad9b2520cf504e944ed62aa0b2/photo-1642418379704-cee4daa4679b.jpg"
            },
            {
                "width": 2560,
                "height": 1536,
                "url": "https://trello-backgrounds.s3.amazonaws.com/SharedBackground/original/079bc501abdf40f4aa1b5b40afd4f628/photo-1642418379704-cee4daa4679b"
            }
        ],
        "backgroundTile": false,
        "backgroundBrightness": "dark",
        "backgroundBottomColor": "#37424b",
        "backgroundTopColor": "#3b5565",
        "canBePublic": true,
        "canBeEnterprise": true,
        "canBeOrg": true,
        "canBePrivate": true,
        "canInvite": true
    },
    "labelNames": {
        "green": "",
        "yellow": "",
        "orange": "",
        "red": "",
        "purple": "",
        "blue": "",
        "sky": "",
        "lime": "",
        "pink": "",
        "black": ""
    }
}
onTestSuccess
]]></system-out>
  </testcase>
  <testcase name="testFlow1[Create2List](3)" classname="com.Trello.tests.TestFlow1" time="1.22">
    <system-out><![CDATA[onTestStart
[
    {
        "name": "Testing_Board_5013",
        "desc": "",
        "descData": null,
        "closed": false,
        "dateClosed": null,
        "idOrganization": "61e83b2d16e67b88b3bd9165",
        "idEnterprise": null,
        "limits": null,
        "pinned": null,
        "shortLink": "KuaQMwvx",
        "powerUps": [
            
        ],
        "dateLastActivity": "2022-01-27T15:59:39.262Z",
        "idTags": [
            
        ],
        "datePluginDisable": null,
        "creationMethod": "automatic",
        "ixUpdate": null,
        "enterpriseOwned": false,
        "idBoardSource": null,
        "idMemberCreator": "61e83b1051c59185a1ac68c4",
        "id": "61e99ffc4c322388e39c7520",
        "starred": false,
        "url": "https://trello.com/b/KuaQMwvx/testingboard5013",
        "prefs": {
            "permissionLevel": "org",
            "hideVotes": false,
            "voting": "disabled",
            "comments": "members",
            "invitations": "members",
            "selfJoin": true,
            "cardCovers": true,
            "isTemplate": false,
            "cardAging": "regular",
            "calendarFeedEnabled": false,
            "hiddenPluginBoardButtons": [
                
            ],
            "background": "61e98c8768d3cd3261c9213c",
            "backgroundImage": "https://trello-backgrounds.s3.amazonaws.com/SharedBackground/original/079bc501abdf40f4aa1b5b40afd4f628/photo-1642418379704-cee4daa4679b",
            "backgroundImageScaled": [
                {
                    "width": 140,
                    "height": 84,
                    "url": "https://trello-backgrounds.s3.amazonaws.com/SharedBackground/140x84/3f5f2bad9b2520cf504e944ed62aa0b2/photo-1642418379704-cee4daa4679b.jpg"
                },
                {
                    "width": 256,
                    "height": 154,
                    "url": "https://trello-backgrounds.s3.amazonaws.com/SharedBackground/256x154/3f5f2bad9b2520cf504e944ed62aa0b2/photo-1642418379704-cee4daa4679b.jpg"
                },
                {
                    "width": 480,
                    "height": 288,
                    "url": "https://trello-backgrounds.s3.amazonaws.com/SharedBackground/480x288/3f5f2bad9b2520cf504e944ed62aa0b2/photo-1642418379704-cee4daa4679b.jpg"
                },
                {
                    "width": 960,
                    "height": 576,
                    "url": "https://trello-backgrounds.s3.amazonaws.com/SharedBackground/960x576/3f5f2bad9b2520cf504e944ed62aa0b2/photo-1642418379704-cee4daa4679b.jpg"
                },
                {
                    "width": 1024,
                    "height": 614,
                    "url": "https://trello-backgrounds.s3.amazonaws.com/SharedBackground/1024x614/3f5f2bad9b2520cf504e944ed62aa0b2/photo-1642418379704-cee4daa4679b.jpg"
                },
                {
                    "width": 1280,
                    "height": 768,
                    "url": "https://trello-backgrounds.s3.amazonaws.com/SharedBackground/1280x768/3f5f2bad9b2520cf504e944ed62aa0b2/photo-1642418379704-cee4daa4679b.jpg"
                },
                {
                    "width": 1920,
                    "height": 1152,
                    "url": "https://trello-backgrounds.s3.amazonaws.com/SharedBackground/1920x1152/3f5f2bad9b2520cf504e944ed62aa0b2/photo-1642418379704-cee4daa4679b.jpg"
                },
                {
                    "width": 2048,
                    "height": 1229,
                    "url": "https://trello-backgrounds.s3.amazonaws.com/SharedBackground/2048x1229/3f5f2bad9b2520cf504e944ed62aa0b2/photo-1642418379704-cee4daa4679b.jpg"
                },
                {
                    "width": 2560,
                    "height": 1536,
                    "url": "https://trello-backgrounds.s3.amazonaws.com/SharedBackground/original/079bc501abdf40f4aa1b5b40afd4f628/photo-1642418379704-cee4daa4679b"
                }
            ],
            "backgroundTile": false,
            "backgroundBrightness": "dark",
            "backgroundBottomColor": "#37424b",
            "backgroundTopColor": "#3b5565",
            "canBePublic": true,
            "canBeEnterprise": true,
            "canBeOrg": true,
            "canBePrivate": true,
            "canInvite": true
        },
        "subscribed": false,
        "labelNames": {
            "green": "",
            "yellow": "",
            "orange": "",
            "red": "",
            "purple": "",
            "blue": "",
            "sky": "",
            "lime": "",
            "pink": "",
            "black": ""
        },
        "dateLastView": "2022-01-27T15:59:39.370Z",
        "shortUrl": "https://trello.com/b/KuaQMwvx",
        "templateGallery": null,
        "premiumFeatures": [
            "additionalBoardBackgrounds",
            "additionalStickers",
            "customBoardBackgrounds",
            "customEmoji",
            "customStickers",
            "plugins"
        ],
        "memberships": [
            {
                "id": "61e99ffc4c322388e39c7525",
                "idMember": "61e83b1051c59185a1ac68c4",
                "memberType": "admin",
                "unconfirmed": false,
                "deactivated": false
            }
        ]
    }
]
{
    "id": "61fb3044e56693199bb4e8ff",
    "name": "Testing_List_55792",
    "closed": false,
    "pos": 1,
    "idBoard": "61e99ffc4c322388e39c7520",
    "limits": {
        
    }
}
onTestSuccess
]]></system-out>
  </testcase>
  <testcase name="testFlow1[GetFilteredList](4)" classname="com.Trello.tests.TestFlow1" time="2.359">
    <system-out><![CDATA[onTestStart
[
    {
        "name": "Testing_Board_5013",
        "desc": "",
        "descData": null,
        "closed": false,
        "dateClosed": null,
        "idOrganization": "61e83b2d16e67b88b3bd9165",
        "idEnterprise": null,
        "limits": null,
        "pinned": null,
        "shortLink": "KuaQMwvx",
        "powerUps": [
            
        ],
        "dateLastActivity": "2022-01-27T15:59:39.262Z",
        "idTags": [
            
        ],
        "datePluginDisable": null,
        "creationMethod": "automatic",
        "ixUpdate": null,
        "enterpriseOwned": false,
        "idBoardSource": null,
        "idMemberCreator": "61e83b1051c59185a1ac68c4",
        "id": "61e99ffc4c322388e39c7520",
        "starred": false,
        "url": "https://trello.com/b/KuaQMwvx/testingboard5013",
        "prefs": {
            "permissionLevel": "org",
            "hideVotes": false,
            "voting": "disabled",
            "comments": "members",
            "invitations": "members",
            "selfJoin": true,
            "cardCovers": true,
            "isTemplate": false,
            "cardAging": "regular",
            "calendarFeedEnabled": false,
            "hiddenPluginBoardButtons": [
                
            ],
            "background": "61e98c8768d3cd3261c9213c",
            "backgroundImage": "https://trello-backgrounds.s3.amazonaws.com/SharedBackground/original/079bc501abdf40f4aa1b5b40afd4f628/photo-1642418379704-cee4daa4679b",
            "backgroundImageScaled": [
                {
                    "width": 140,
                    "height": 84,
                    "url": "https://trello-backgrounds.s3.amazonaws.com/SharedBackground/140x84/3f5f2bad9b2520cf504e944ed62aa0b2/photo-1642418379704-cee4daa4679b.jpg"
                },
                {
                    "width": 256,
                    "height": 154,
                    "url": "https://trello-backgrounds.s3.amazonaws.com/SharedBackground/256x154/3f5f2bad9b2520cf504e944ed62aa0b2/photo-1642418379704-cee4daa4679b.jpg"
                },
                {
                    "width": 480,
                    "height": 288,
                    "url": "https://trello-backgrounds.s3.amazonaws.com/SharedBackground/480x288/3f5f2bad9b2520cf504e944ed62aa0b2/photo-1642418379704-cee4daa4679b.jpg"
                },
                {
                    "width": 960,
                    "height": 576,
                    "url": "https://trello-backgrounds.s3.amazonaws.com/SharedBackground/960x576/3f5f2bad9b2520cf504e944ed62aa0b2/photo-1642418379704-cee4daa4679b.jpg"
                },
                {
                    "width": 1024,
                    "height": 614,
                    "url": "https://trello-backgrounds.s3.amazonaws.com/SharedBackground/1024x614/3f5f2bad9b2520cf504e944ed62aa0b2/photo-1642418379704-cee4daa4679b.jpg"
                },
                {
                    "width": 1280,
                    "height": 768,
                    "url": "https://trello-backgrounds.s3.amazonaws.com/SharedBackground/1280x768/3f5f2bad9b2520cf504e944ed62aa0b2/photo-1642418379704-cee4daa4679b.jpg"
                },
                {
                    "width": 1920,
                    "height": 1152,
                    "url": "https://trello-backgrounds.s3.amazonaws.com/SharedBackground/1920x1152/3f5f2bad9b2520cf504e944ed62aa0b2/photo-1642418379704-cee4daa4679b.jpg"
                },
                {
                    "width": 2048,
                    "height": 1229,
                    "url": "https://trello-backgrounds.s3.amazonaws.com/SharedBackground/2048x1229/3f5f2bad9b2520cf504e944ed62aa0b2/photo-1642418379704-cee4daa4679b.jpg"
                },
                {
                    "width": 2560,
                    "height": 1536,
                    "url": "https://trello-backgrounds.s3.amazonaws.com/SharedBackground/original/079bc501abdf40f4aa1b5b40afd4f628/photo-1642418379704-cee4daa4679b"
                }
            ],
            "backgroundTile": false,
            "backgroundBrightness": "dark",
            "backgroundBottomColor": "#37424b",
            "backgroundTopColor": "#3b5565",
            "canBePublic": true,
            "canBeEnterprise": true,
            "canBeOrg": true,
            "canBePrivate": true,
            "canInvite": true
        },
        "subscribed": false,
        "labelNames": {
            "green": "",
            "yellow": "",
            "orange": "",
            "red": "",
            "purple": "",
            "blue": "",
            "sky": "",
            "lime": "",
            "pink": "",
            "black": ""
        },
        "dateLastView": "2022-02-03T01:30:44.319Z",
        "shortUrl": "https://trello.com/b/KuaQMwvx",
        "templateGallery": null,
        "premiumFeatures": [
            "additionalBoardBackgrounds",
            "additionalStickers",
            "customBoardBackgrounds",
            "customEmoji",
            "customStickers",
            "plugins"
        ],
        "memberships": [
            {
                "id": "61e99ffc4c322388e39c7525",
                "idMember": "61e83b1051c59185a1ac68c4",
                "memberType": "admin",
                "unconfirmed": false,
                "deactivated": false
            }
        ]
    }
]
{
    "id": "61fb30451937b389b6be569e",
    "name": "Testing_List_61065",
    "closed": false,
    "pos": 0.5,
    "idBoard": "61e99ffc4c322388e39c7520",
    "limits": {
        
    }
}
{
    "id": "61fb30451937b389b6be569e",
    "name": "Testing_List_61065",
    "closed": false,
    "pos": 0.5,
    "idBoard": "61e99ffc4c322388e39c7520"
}
onTestSuccess
]]></system-out>
  </testcase>
  <testcase name="testFlow1[AddAndRemoveMemberInBoard](5)" classname="com.Trello.tests.TestFlow1" time="2.891">
    <system-out><![CDATA[onTestStart
[
    {
        "name": "Testing_Board_5013",
        "desc": "",
        "descData": null,
        "closed": false,
        "dateClosed": null,
        "idOrganization": "61e83b2d16e67b88b3bd9165",
        "idEnterprise": null,
        "limits": null,
        "pinned": null,
        "shortLink": "KuaQMwvx",
        "powerUps": [
            
        ],
        "dateLastActivity": "2022-01-27T15:59:39.262Z",
        "idTags": [
            
        ],
        "datePluginDisable": null,
        "creationMethod": "automatic",
        "ixUpdate": null,
        "enterpriseOwned": false,
        "idBoardSource": null,
        "idMemberCreator": "61e83b1051c59185a1ac68c4",
        "id": "61e99ffc4c322388e39c7520",
        "starred": false,
        "url": "https://trello.com/b/KuaQMwvx/testingboard5013",
        "prefs": {
            "permissionLevel": "org",
            "hideVotes": false,
            "voting": "disabled",
            "comments": "members",
            "invitations": "members",
            "selfJoin": true,
            "cardCovers": true,
            "isTemplate": false,
            "cardAging": "regular",
            "calendarFeedEnabled": false,
            "hiddenPluginBoardButtons": [
                
            ],
            "background": "61e98c8768d3cd3261c9213c",
            "backgroundImage": "https://trello-backgrounds.s3.amazonaws.com/SharedBackground/original/079bc501abdf40f4aa1b5b40afd4f628/photo-1642418379704-cee4daa4679b",
            "backgroundImageScaled": [
                {
                    "width": 140,
                    "height": 84,
                    "url": "https://trello-backgrounds.s3.amazonaws.com/SharedBackground/140x84/3f5f2bad9b2520cf504e944ed62aa0b2/photo-1642418379704-cee4daa4679b.jpg"
                },
                {
                    "width": 256,
                    "height": 154,
                    "url": "https://trello-backgrounds.s3.amazonaws.com/SharedBackground/256x154/3f5f2bad9b2520cf504e944ed62aa0b2/photo-1642418379704-cee4daa4679b.jpg"
                },
                {
                    "width": 480,
                    "height": 288,
                    "url": "https://trello-backgrounds.s3.amazonaws.com/SharedBackground/480x288/3f5f2bad9b2520cf504e944ed62aa0b2/photo-1642418379704-cee4daa4679b.jpg"
                },
                {
                    "width": 960,
                    "height": 576,
                    "url": "https://trello-backgrounds.s3.amazonaws.com/SharedBackground/960x576/3f5f2bad9b2520cf504e944ed62aa0b2/photo-1642418379704-cee4daa4679b.jpg"
                },
                {
                    "width": 1024,
                    "height": 614,
                    "url": "https://trello-backgrounds.s3.amazonaws.com/SharedBackground/1024x614/3f5f2bad9b2520cf504e944ed62aa0b2/photo-1642418379704-cee4daa4679b.jpg"
                },
                {
                    "width": 1280,
                    "height": 768,
                    "url": "https://trello-backgrounds.s3.amazonaws.com/SharedBackground/1280x768/3f5f2bad9b2520cf504e944ed62aa0b2/photo-1642418379704-cee4daa4679b.jpg"
                },
                {
                    "width": 1920,
                    "height": 1152,
                    "url": "https://trello-backgrounds.s3.amazonaws.com/SharedBackground/1920x1152/3f5f2bad9b2520cf504e944ed62aa0b2/photo-1642418379704-cee4daa4679b.jpg"
                },
                {
                    "width": 2048,
                    "height": 1229,
                    "url": "https://trello-backgrounds.s3.amazonaws.com/SharedBackground/2048x1229/3f5f2bad9b2520cf504e944ed62aa0b2/photo-1642418379704-cee4daa4679b.jpg"
                },
                {
                    "width": 2560,
                    "height": 1536,
                    "url": "https://trello-backgrounds.s3.amazonaws.com/SharedBackground/original/079bc501abdf40f4aa1b5b40afd4f628/photo-1642418379704-cee4daa4679b"
                }
            ],
            "backgroundTile": false,
            "backgroundBrightness": "dark",
            "backgroundBottomColor": "#37424b",
            "backgroundTopColor": "#3b5565",
            "canBePublic": true,
            "canBeEnterprise": true,
            "canBeOrg": true,
            "canBePrivate": true,
            "canInvite": true
        },
        "subscribed": false,
        "labelNames": {
            "green": "",
            "yellow": "",
            "orange": "",
            "red": "",
            "purple": "",
            "blue": "",
            "sky": "",
            "lime": "",
            "pink": "",
            "black": ""
        },
        "dateLastView": "2022-02-03T01:30:45.723Z",
        "shortUrl": "https://trello.com/b/KuaQMwvx",
        "templateGallery": null,
        "premiumFeatures": [
            "additionalBoardBackgrounds",
            "additionalStickers",
            "customBoardBackgrounds",
            "customEmoji",
            "customStickers",
            "plugins"
        ],
        "memberships": [
            {
                "id": "61e99ffc4c322388e39c7525",
                "idMember": "61e83b1051c59185a1ac68c4",
                "memberType": "admin",
                "unconfirmed": false,
                "deactivated": false
            }
        ]
    }
]
{
    "id": "61e99ffc4c322388e39c7520",
    "members": [
        {
            "id": "61e9877f4d9a0705814598f7",
            "activityBlocked": false,
            "avatarHash": "1e38148cc30bf04f9ebdb0b70b329fc2",
            "avatarUrl": "https://trello-members.s3.amazonaws.com/61e9877f4d9a0705814598f7/1e38148cc30bf04f9ebdb0b70b329fc2",
            "fullName": "RahulTest",
            "idMemberReferrer": null,
            "initials": "R",
            "nonPublic": {
                
            },
            "nonPublicAvailable": true,
            "username": "rahultest3",
            "confirmed": true,
            "memberType": "normal"
        },
        {
            "id": "61e83b1051c59185a1ac68c4",
            "activityBlocked": false,
            "avatarHash": "9618772fa5290cb5f2c0163228f622f2",
            "avatarUrl": "https://trello-members.s3.amazonaws.com/61e83b1051c59185a1ac68c4/9618772fa5290cb5f2c0163228f622f2",
            "fullName": "Shubham Banodha",
            "initials": "SB",
            "nonPublic": {
                
            },
            "nonPublicAvailable": true,
            "username": "shubhambanodha",
            "confirmed": true,
            "memberType": "normal"
        }
    ],
    "memberships": [
        {
            "id": "61e99ffc4c322388e39c7525",
            "idMember": "61e83b1051c59185a1ac68c4",
            "memberType": "admin",
            "unconfirmed": false,
            "deactivated": false
        },
        {
            "id": "61fb30482ceb6335bbc15ca8",
            "idMember": "61e9877f4d9a0705814598f7",
            "memberType": "normal",
            "unconfirmed": false,
            "deactivated": false
        }
    ]
}
{
    "id": "61e99ffc4c322388e39c7520",
    "name": "Testing_Board_5013",
    "desc": "",
    "descData": null,
    "closed": false,
    "idOrganization": "61e83b2d16e67b88b3bd9165",
    "idEnterprise": null,
    "pinned": false,
    "url": "https://trello.com/b/KuaQMwvx/testingboard5013",
    "shortUrl": "https://trello.com/b/KuaQMwvx",
    "prefs": {
        "permissionLevel": "org",
        "hideVotes": false,
        "voting": "disabled",
        "comments": "members",
        "invitations": "members",
        "selfJoin": true,
        "cardCovers": true,
        "isTemplate": false,
        "cardAging": "regular",
        "calendarFeedEnabled": false,
        "hiddenPluginBoardButtons": [
            
        ],
        "background": "61e98c8768d3cd3261c9213c",
        "backgroundImage": "https://trello-backgrounds.s3.amazonaws.com/SharedBackground/original/079bc501abdf40f4aa1b5b40afd4f628/photo-1642418379704-cee4daa4679b",
        "backgroundImageScaled": [
            {
                "width": 140,
                "height": 84,
                "url": "https://trello-backgrounds.s3.amazonaws.com/SharedBackground/140x84/3f5f2bad9b2520cf504e944ed62aa0b2/photo-1642418379704-cee4daa4679b.jpg"
            },
            {
                "width": 256,
                "height": 154,
                "url": "https://trello-backgrounds.s3.amazonaws.com/SharedBackground/256x154/3f5f2bad9b2520cf504e944ed62aa0b2/photo-1642418379704-cee4daa4679b.jpg"
            },
            {
                "width": 480,
                "height": 288,
                "url": "https://trello-backgrounds.s3.amazonaws.com/SharedBackground/480x288/3f5f2bad9b2520cf504e944ed62aa0b2/photo-1642418379704-cee4daa4679b.jpg"
            },
            {
                "width": 960,
                "height": 576,
                "url": "https://trello-backgrounds.s3.amazonaws.com/SharedBackground/960x576/3f5f2bad9b2520cf504e944ed62aa0b2/photo-1642418379704-cee4daa4679b.jpg"
            },
            {
                "width": 1024,
                "height": 614,
                "url": "https://trello-backgrounds.s3.amazonaws.com/SharedBackground/1024x614/3f5f2bad9b2520cf504e944ed62aa0b2/photo-1642418379704-cee4daa4679b.jpg"
            },
            {
                "width": 1280,
                "height": 768,
                "url": "https://trello-backgrounds.s3.amazonaws.com/SharedBackground/1280x768/3f5f2bad9b2520cf504e944ed62aa0b2/photo-1642418379704-cee4daa4679b.jpg"
            },
            {
                "width": 1920,
                "height": 1152,
                "url": "https://trello-backgrounds.s3.amazonaws.com/SharedBackground/1920x1152/3f5f2bad9b2520cf504e944ed62aa0b2/photo-1642418379704-cee4daa4679b.jpg"
            },
            {
                "width": 2048,
                "height": 1229,
                "url": "https://trello-backgrounds.s3.amazonaws.com/SharedBackground/2048x1229/3f5f2bad9b2520cf504e944ed62aa0b2/photo-1642418379704-cee4daa4679b.jpg"
            },
            {
                "width": 2560,
                "height": 1536,
                "url": "https://trello-backgrounds.s3.amazonaws.com/SharedBackground/original/079bc501abdf40f4aa1b5b40afd4f628/photo-1642418379704-cee4daa4679b"
            }
        ],
        "backgroundTile": false,
        "backgroundBrightness": "dark",
        "backgroundBottomColor": "#37424b",
        "backgroundTopColor": "#3b5565",
        "canBePublic": true,
        "canBeEnterprise": true,
        "canBeOrg": true,
        "canBePrivate": true,
        "canInvite": true
    },
    "members": [
        {
            "id": "61e83b1051c59185a1ac68c4",
            "activityBlocked": false,
            "avatarHash": "9618772fa5290cb5f2c0163228f622f2",
            "avatarUrl": "https://trello-members.s3.amazonaws.com/61e83b1051c59185a1ac68c4/9618772fa5290cb5f2c0163228f622f2",
            "fullName": "Shubham Banodha",
            "initials": "SB",
            "nonPublic": {
                
            },
            "nonPublicAvailable": true,
            "username": "shubhambanodha",
            "confirmed": true,
            "memberType": "normal"
        }
    ],
    "labelNames": {
        "green": "",
        "yellow": "",
        "orange": "",
        "red": "",
        "purple": "",
        "blue": "",
        "sky": "",
        "lime": "",
        "pink": "",
        "black": ""
    }
}
onTestSuccess
]]></system-out>
  </testcase>
  <testcase name="testFlow2[CreateList](1)" classname="com.Trello.tests.TestFlow2" time="1.365">
    <system-out><![CDATA[onTestStart
[
    {
        "name": "Testing_Board_5013",
        "desc": "",
        "descData": null,
        "closed": false,
        "dateClosed": null,
        "idOrganization": "61e83b2d16e67b88b3bd9165",
        "idEnterprise": null,
        "limits": null,
        "pinned": null,
        "shortLink": "KuaQMwvx",
        "powerUps": [
            
        ],
        "dateLastActivity": "2022-01-27T15:59:39.262Z",
        "idTags": [
            
        ],
        "datePluginDisable": null,
        "creationMethod": "automatic",
        "ixUpdate": null,
        "enterpriseOwned": false,
        "idBoardSource": null,
        "idMemberCreator": "61e83b1051c59185a1ac68c4",
        "id": "61e99ffc4c322388e39c7520",
        "starred": false,
        "url": "https://trello.com/b/KuaQMwvx/testingboard5013",
        "prefs": {
            "permissionLevel": "org",
            "hideVotes": false,
            "voting": "disabled",
            "comments": "members",
            "invitations": "members",
            "selfJoin": true,
            "cardCovers": true,
            "isTemplate": false,
            "cardAging": "regular",
            "calendarFeedEnabled": false,
            "hiddenPluginBoardButtons": [
                
            ],
            "background": "61e98c8768d3cd3261c9213c",
            "backgroundImage": "https://trello-backgrounds.s3.amazonaws.com/SharedBackground/original/079bc501abdf40f4aa1b5b40afd4f628/photo-1642418379704-cee4daa4679b",
            "backgroundImageScaled": [
                {
                    "width": 140,
                    "height": 84,
                    "url": "https://trello-backgrounds.s3.amazonaws.com/SharedBackground/140x84/3f5f2bad9b2520cf504e944ed62aa0b2/photo-1642418379704-cee4daa4679b.jpg"
                },
                {
                    "width": 256,
                    "height": 154,
                    "url": "https://trello-backgrounds.s3.amazonaws.com/SharedBackground/256x154/3f5f2bad9b2520cf504e944ed62aa0b2/photo-1642418379704-cee4daa4679b.jpg"
                },
                {
                    "width": 480,
                    "height": 288,
                    "url": "https://trello-backgrounds.s3.amazonaws.com/SharedBackground/480x288/3f5f2bad9b2520cf504e944ed62aa0b2/photo-1642418379704-cee4daa4679b.jpg"
                },
                {
                    "width": 960,
                    "height": 576,
                    "url": "https://trello-backgrounds.s3.amazonaws.com/SharedBackground/960x576/3f5f2bad9b2520cf504e944ed62aa0b2/photo-1642418379704-cee4daa4679b.jpg"
                },
                {
                    "width": 1024,
                    "height": 614,
                    "url": "https://trello-backgrounds.s3.amazonaws.com/SharedBackground/1024x614/3f5f2bad9b2520cf504e944ed62aa0b2/photo-1642418379704-cee4daa4679b.jpg"
                },
                {
                    "width": 1280,
                    "height": 768,
                    "url": "https://trello-backgrounds.s3.amazonaws.com/SharedBackground/1280x768/3f5f2bad9b2520cf504e944ed62aa0b2/photo-1642418379704-cee4daa4679b.jpg"
                },
                {
                    "width": 1920,
                    "height": 1152,
                    "url": "https://trello-backgrounds.s3.amazonaws.com/SharedBackground/1920x1152/3f5f2bad9b2520cf504e944ed62aa0b2/photo-1642418379704-cee4daa4679b.jpg"
                },
                {
                    "width": 2048,
                    "height": 1229,
                    "url": "https://trello-backgrounds.s3.amazonaws.com/SharedBackground/2048x1229/3f5f2bad9b2520cf504e944ed62aa0b2/photo-1642418379704-cee4daa4679b.jpg"
                },
                {
                    "width": 2560,
                    "height": 1536,
                    "url": "https://trello-backgrounds.s3.amazonaws.com/SharedBackground/original/079bc501abdf40f4aa1b5b40afd4f628/photo-1642418379704-cee4daa4679b"
                }
            ],
            "backgroundTile": false,
            "backgroundBrightness": "dark",
            "backgroundBottomColor": "#37424b",
            "backgroundTopColor": "#3b5565",
            "canBePublic": true,
            "canBeEnterprise": true,
            "canBeOrg": true,
            "canBePrivate": true,
            "canInvite": true
        },
        "subscribed": false,
        "labelNames": {
            "green": "",
            "yellow": "",
            "orange": "",
            "red": "",
            "purple": "",
            "blue": "",
            "sky": "",
            "lime": "",
            "pink": "",
            "black": ""
        },
        "dateLastView": "2022-02-03T01:30:45.723Z",
        "shortUrl": "https://trello.com/b/KuaQMwvx",
        "templateGallery": null,
        "premiumFeatures": [
            "additionalBoardBackgrounds",
            "additionalStickers",
            "customBoardBackgrounds",
            "customEmoji",
            "customStickers",
            "plugins"
        ],
        "memberships": [
            {
                "id": "61e99ffc4c322388e39c7525",
                "idMember": "61e83b1051c59185a1ac68c4",
                "memberType": "admin",
                "unconfirmed": false,
                "deactivated": false
            }
        ]
    }
]
{
    "id": "61fb304a87067c8642849f3d",
    "name": "Testing_List_7303",
    "closed": false,
    "pos": 0.25,
    "idBoard": "61e99ffc4c322388e39c7520",
    "limits": {
        
    }
}
onTestSuccess
]]></system-out>
  </testcase>
  <testcase name="testFlow2[UpdateList](2)" classname="com.Trello.tests.TestFlow2" time="2.628">
    <system-out><![CDATA[onTestStart
[
    {
        "name": "Testing_Board_5013",
        "desc": "",
        "descData": null,
        "closed": false,
        "dateClosed": null,
        "idOrganization": "61e83b2d16e67b88b3bd9165",
        "idEnterprise": null,
        "limits": null,
        "pinned": null,
        "shortLink": "KuaQMwvx",
        "powerUps": [
            
        ],
        "dateLastActivity": "2022-01-27T15:59:39.262Z",
        "idTags": [
            
        ],
        "datePluginDisable": null,
        "creationMethod": "automatic",
        "ixUpdate": null,
        "enterpriseOwned": false,
        "idBoardSource": null,
        "idMemberCreator": "61e83b1051c59185a1ac68c4",
        "id": "61e99ffc4c322388e39c7520",
        "starred": false,
        "url": "https://trello.com/b/KuaQMwvx/testingboard5013",
        "prefs": {
            "permissionLevel": "org",
            "hideVotes": false,
            "voting": "disabled",
            "comments": "members",
            "invitations": "members",
            "selfJoin": true,
            "cardCovers": true,
            "isTemplate": false,
            "cardAging": "regular",
            "calendarFeedEnabled": false,
            "hiddenPluginBoardButtons": [
                
            ],
            "background": "61e98c8768d3cd3261c9213c",
            "backgroundImage": "https://trello-backgrounds.s3.amazonaws.com/SharedBackground/original/079bc501abdf40f4aa1b5b40afd4f628/photo-1642418379704-cee4daa4679b",
            "backgroundImageScaled": [
                {
                    "width": 140,
                    "height": 84,
                    "url": "https://trello-backgrounds.s3.amazonaws.com/SharedBackground/140x84/3f5f2bad9b2520cf504e944ed62aa0b2/photo-1642418379704-cee4daa4679b.jpg"
                },
                {
                    "width": 256,
                    "height": 154,
                    "url": "https://trello-backgrounds.s3.amazonaws.com/SharedBackground/256x154/3f5f2bad9b2520cf504e944ed62aa0b2/photo-1642418379704-cee4daa4679b.jpg"
                },
                {
                    "width": 480,
                    "height": 288,
                    "url": "https://trello-backgrounds.s3.amazonaws.com/SharedBackground/480x288/3f5f2bad9b2520cf504e944ed62aa0b2/photo-1642418379704-cee4daa4679b.jpg"
                },
                {
                    "width": 960,
                    "height": 576,
                    "url": "https://trello-backgrounds.s3.amazonaws.com/SharedBackground/960x576/3f5f2bad9b2520cf504e944ed62aa0b2/photo-1642418379704-cee4daa4679b.jpg"
                },
                {
                    "width": 1024,
                    "height": 614,
                    "url": "https://trello-backgrounds.s3.amazonaws.com/SharedBackground/1024x614/3f5f2bad9b2520cf504e944ed62aa0b2/photo-1642418379704-cee4daa4679b.jpg"
                },
                {
                    "width": 1280,
                    "height": 768,
                    "url": "https://trello-backgrounds.s3.amazonaws.com/SharedBackground/1280x768/3f5f2bad9b2520cf504e944ed62aa0b2/photo-1642418379704-cee4daa4679b.jpg"
                },
                {
                    "width": 1920,
                    "height": 1152,
                    "url": "https://trello-backgrounds.s3.amazonaws.com/SharedBackground/1920x1152/3f5f2bad9b2520cf504e944ed62aa0b2/photo-1642418379704-cee4daa4679b.jpg"
                },
                {
                    "width": 2048,
                    "height": 1229,
                    "url": "https://trello-backgrounds.s3.amazonaws.com/SharedBackground/2048x1229/3f5f2bad9b2520cf504e944ed62aa0b2/photo-1642418379704-cee4daa4679b.jpg"
                },
                {
                    "width": 2560,
                    "height": 1536,
                    "url": "https://trello-backgrounds.s3.amazonaws.com/SharedBackground/original/079bc501abdf40f4aa1b5b40afd4f628/photo-1642418379704-cee4daa4679b"
                }
            ],
            "backgroundTile": false,
            "backgroundBrightness": "dark",
            "backgroundBottomColor": "#37424b",
            "backgroundTopColor": "#3b5565",
            "canBePublic": true,
            "canBeEnterprise": true,
            "canBeOrg": true,
            "canBePrivate": true,
            "canInvite": true
        },
        "subscribed": false,
        "labelNames": {
            "green": "",
            "yellow": "",
            "orange": "",
            "red": "",
            "purple": "",
            "blue": "",
            "sky": "",
            "lime": "",
            "pink": "",
            "black": ""
        },
        "dateLastView": "2022-02-03T01:30:50.952Z",
        "shortUrl": "https://trello.com/b/KuaQMwvx",
        "templateGallery": null,
        "premiumFeatures": [
            "additionalBoardBackgrounds",
            "additionalStickers",
            "customBoardBackgrounds",
            "customEmoji",
            "customStickers",
            "plugins"
        ],
        "memberships": [
            {
                "id": "61e99ffc4c322388e39c7525",
                "idMember": "61e83b1051c59185a1ac68c4",
                "memberType": "admin",
                "unconfirmed": false,
                "deactivated": false
            }
        ]
    }
]
{
    "id": "61fb304cfd6e72417a162047",
    "name": "Testing_List_70480",
    "closed": false,
    "pos": 0.125,
    "idBoard": "61e99ffc4c322388e39c7520",
    "limits": {
        
    }
}
{
    "id": "61fb304cfd6e72417a162047",
    "name": "TF2_Testing_List_5859",
    "closed": false,
    "pos": 0.125,
    "idBoard": "61e99ffc4c322388e39c7520"
}
onTestSuccess
]]></system-out>
  </testcase>
  <testcase name="testFlow2[GetCardInList](3)" classname="com.Trello.tests.TestFlow2" time="4.4">
    <system-out><![CDATA[onTestStart
[
    {
        "name": "Testing_Board_5013",
        "desc": "",
        "descData": null,
        "closed": false,
        "dateClosed": null,
        "idOrganization": "61e83b2d16e67b88b3bd9165",
        "idEnterprise": null,
        "limits": null,
        "pinned": null,
        "shortLink": "KuaQMwvx",
        "powerUps": [
            
        ],
        "dateLastActivity": "2022-01-27T15:59:39.262Z",
        "idTags": [
            
        ],
        "datePluginDisable": null,
        "creationMethod": "automatic",
        "ixUpdate": null,
        "enterpriseOwned": false,
        "idBoardSource": null,
        "idMemberCreator": "61e83b1051c59185a1ac68c4",
        "id": "61e99ffc4c322388e39c7520",
        "starred": false,
        "url": "https://trello.com/b/KuaQMwvx/testingboard5013",
        "prefs": {
            "permissionLevel": "org",
            "hideVotes": false,
            "voting": "disabled",
            "comments": "members",
            "invitations": "members",
            "selfJoin": true,
            "cardCovers": true,
            "isTemplate": false,
            "cardAging": "regular",
            "calendarFeedEnabled": false,
            "hiddenPluginBoardButtons": [
                
            ],
            "background": "61e98c8768d3cd3261c9213c",
            "backgroundImage": "https://trello-backgrounds.s3.amazonaws.com/SharedBackground/original/079bc501abdf40f4aa1b5b40afd4f628/photo-1642418379704-cee4daa4679b",
            "backgroundImageScaled": [
                {
                    "width": 140,
                    "height": 84,
                    "url": "https://trello-backgrounds.s3.amazonaws.com/SharedBackground/140x84/3f5f2bad9b2520cf504e944ed62aa0b2/photo-1642418379704-cee4daa4679b.jpg"
                },
                {
                    "width": 256,
                    "height": 154,
                    "url": "https://trello-backgrounds.s3.amazonaws.com/SharedBackground/256x154/3f5f2bad9b2520cf504e944ed62aa0b2/photo-1642418379704-cee4daa4679b.jpg"
                },
                {
                    "width": 480,
                    "height": 288,
                    "url": "https://trello-backgrounds.s3.amazonaws.com/SharedBackground/480x288/3f5f2bad9b2520cf504e944ed62aa0b2/photo-1642418379704-cee4daa4679b.jpg"
                },
                {
                    "width": 960,
                    "height": 576,
                    "url": "https://trello-backgrounds.s3.amazonaws.com/SharedBackground/960x576/3f5f2bad9b2520cf504e944ed62aa0b2/photo-1642418379704-cee4daa4679b.jpg"
                },
                {
                    "width": 1024,
                    "height": 614,
                    "url": "https://trello-backgrounds.s3.amazonaws.com/SharedBackground/1024x614/3f5f2bad9b2520cf504e944ed62aa0b2/photo-1642418379704-cee4daa4679b.jpg"
                },
                {
                    "width": 1280,
                    "height": 768,
                    "url": "https://trello-backgrounds.s3.amazonaws.com/SharedBackground/1280x768/3f5f2bad9b2520cf504e944ed62aa0b2/photo-1642418379704-cee4daa4679b.jpg"
                },
                {
                    "width": 1920,
                    "height": 1152,
                    "url": "https://trello-backgrounds.s3.amazonaws.com/SharedBackground/1920x1152/3f5f2bad9b2520cf504e944ed62aa0b2/photo-1642418379704-cee4daa4679b.jpg"
                },
                {
                    "width": 2048,
                    "height": 1229,
                    "url": "https://trello-backgrounds.s3.amazonaws.com/SharedBackground/2048x1229/3f5f2bad9b2520cf504e944ed62aa0b2/photo-1642418379704-cee4daa4679b.jpg"
                },
                {
                    "width": 2560,
                    "height": 1536,
                    "url": "https://trello-backgrounds.s3.amazonaws.com/SharedBackground/original/079bc501abdf40f4aa1b5b40afd4f628/photo-1642418379704-cee4daa4679b"
                }
            ],
            "backgroundTile": false,
            "backgroundBrightness": "dark",
            "backgroundBottomColor": "#37424b",
            "backgroundTopColor": "#3b5565",
            "canBePublic": true,
            "canBeEnterprise": true,
            "canBeOrg": true,
            "canBePrivate": true,
            "canInvite": true
        },
        "subscribed": false,
        "labelNames": {
            "green": "",
            "yellow": "",
            "orange": "",
            "red": "",
            "purple": "",
            "blue": "",
            "sky": "",
            "lime": "",
            "pink": "",
            "black": ""
        },
        "dateLastView": "2022-02-03T01:30:53.578Z",
        "shortUrl": "https://trello.com/b/KuaQMwvx",
        "templateGallery": null,
        "premiumFeatures": [
            "additionalBoardBackgrounds",
            "additionalStickers",
            "customBoardBackgrounds",
            "customEmoji",
            "customStickers",
            "plugins"
        ],
        "memberships": [
            {
                "id": "61e99ffc4c322388e39c7525",
                "idMember": "61e83b1051c59185a1ac68c4",
                "memberType": "admin",
                "unconfirmed": false,
                "deactivated": false
            }
        ]
    }
]
{
    "id": "61fb304f9492028fa69820c7",
    "name": "Testing_List_41732",
    "closed": false,
    "pos": 16384,
    "idBoard": "61e99ffc4c322388e39c7520",
    "limits": {
        
    }
}
{
    "id": "61fb3050be44e86f737d98fa",
    "checkItemStates": [
        
    ],
    "closed": false,
    "dateLastActivity": "2022-02-03T01:30:56.254Z",
    "desc": "",
    "descData": {
        "emoji": {
            
        }
    },
    "dueReminder": null,
    "idBoard": "61e99ffc4c322388e39c7520",
    "idList": "61fb304f9492028fa69820c7",
    "idMembersVoted": [
        
    ],
    "idShort": 94,
    "idAttachmentCover": null,
    "idLabels": [
        
    ],
    "manualCoverAttachment": false,
    "name": "Testing_List_41732,TF2_Testing_Card_16703",
    "pos": 16384,
    "shortLink": "M28unfhN",
    "isTemplate": false,
    "cardRole": null,
    "dueComplete": false,
    "due": null,
    "email": null,
    "labels": [
        
    ],
    "shortUrl": "https://trello.com/c/M28unfhN",
    "start": null,
    "url": "https://trello.com/c/M28unfhN/94-testinglist41732tf2testingcard16703",
    "cover": {
        "idAttachment": null,
        "color": null,
        "idUploadedBackground": null,
        "size": "normal",
        "brightness": "dark",
        "idPlugin": null
    },
    "idMembers": [
        
    ],
    "attachments": [
        
    ],
    "badges": {
        "attachmentsByType": {
            "trello": {
                "board": 0,
                "card": 0
            }
        },
        "location": false,
        "votes": 0,
        "viewingMemberVoted": false,
        "subscribed": false,
        "fogbugz": "",
        "checkItems": 0,
        "checkItemsChecked": 0,
        "checkItemsEarliestDue": null,
        "comments": 0,
        "attachments": 0,
        "description": false,
        "due": null,
        "dueComplete": false,
        "start": null
    },
    "subscribed": false,
    "idChecklists": [
        
    ],
    "stickers": [
        
    ],
    "limits": {
        
    }
}
[
    {
        "id": "61fb3050be44e86f737d98fa",
        "checkItemStates": null,
        "closed": false,
        "dateLastActivity": "2022-02-03T01:30:56.254Z",
        "desc": "",
        "descData": {
            "emoji": {
                
            }
        },
        "dueReminder": null,
        "idBoard": "61e99ffc4c322388e39c7520",
        "idList": "61fb304f9492028fa69820c7",
        "idMembersVoted": [
            
        ],
        "idShort": 94,
        "idAttachmentCover": null,
        "idLabels": [
            
        ],
        "manualCoverAttachment": false,
        "name": "Testing_List_41732,TF2_Testing_Card_16703",
        "pos": 16384,
        "shortLink": "M28unfhN",
        "isTemplate": false,
        "cardRole": null,
        "badges": {
            "attachmentsByType": {
                "trello": {
                    "board": 0,
                    "card": 0
                }
            },
            "location": false,
            "votes": 0,
            "viewingMemberVoted": false,
            "subscribed": false,
            "fogbugz": "",
            "checkItems": 0,
            "checkItemsChecked": 0,
            "checkItemsEarliestDue": null,
            "comments": 0,
            "attachments": 0,
            "description": false,
            "due": null,
            "dueComplete": false,
            "start": null
        },
        "dueComplete": false,
        "due": null,
        "idChecklists": [
            
        ],
        "idMembers": [
            
        ],
        "labels": [
            
        ],
        "shortUrl": "https://trello.com/c/M28unfhN",
        "start": null,
        "subscribed": false,
        "url": "https://trello.com/c/M28unfhN/94-testinglist41732tf2testingcard16703",
        "cover": {
            "idAttachment": null,
            "color": null,
            "idUploadedBackground": null,
            "size": "normal",
            "brightness": "dark",
            "idPlugin": null
        }
    }
]
onTestSuccess
]]></system-out>
  </testcase>
  <testcase name="testFlow2[ArchiveList](4)" classname="com.Trello.tests.TestFlow2" time="1.898">
    <system-out><![CDATA[onTestStart
[
    {
        "name": "Testing_Board_5013",
        "desc": "",
        "descData": null,
        "closed": false,
        "dateClosed": null,
        "idOrganization": "61e83b2d16e67b88b3bd9165",
        "idEnterprise": null,
        "limits": null,
        "pinned": null,
        "shortLink": "KuaQMwvx",
        "powerUps": [
            
        ],
        "dateLastActivity": "2022-02-03T01:30:56.254Z",
        "idTags": [
            
        ],
        "datePluginDisable": null,
        "creationMethod": "automatic",
        "ixUpdate": null,
        "enterpriseOwned": false,
        "idBoardSource": null,
        "idMemberCreator": "61e83b1051c59185a1ac68c4",
        "id": "61e99ffc4c322388e39c7520",
        "starred": false,
        "url": "https://trello.com/b/KuaQMwvx/testingboard5013",
        "prefs": {
            "permissionLevel": "org",
            "hideVotes": false,
            "voting": "disabled",
            "comments": "members",
            "invitations": "members",
            "selfJoin": true,
            "cardCovers": true,
            "isTemplate": false,
            "cardAging": "regular",
            "calendarFeedEnabled": false,
            "hiddenPluginBoardButtons": [
                
            ],
            "background": "61e98c8768d3cd3261c9213c",
            "backgroundImage": "https://trello-backgrounds.s3.amazonaws.com/SharedBackground/original/079bc501abdf40f4aa1b5b40afd4f628/photo-1642418379704-cee4daa4679b",
            "backgroundImageScaled": [
                {
                    "width": 140,
                    "height": 84,
                    "url": "https://trello-backgrounds.s3.amazonaws.com/SharedBackground/140x84/3f5f2bad9b2520cf504e944ed62aa0b2/photo-1642418379704-cee4daa4679b.jpg"
                },
                {
                    "width": 256,
                    "height": 154,
                    "url": "https://trello-backgrounds.s3.amazonaws.com/SharedBackground/256x154/3f5f2bad9b2520cf504e944ed62aa0b2/photo-1642418379704-cee4daa4679b.jpg"
                },
                {
                    "width": 480,
                    "height": 288,
                    "url": "https://trello-backgrounds.s3.amazonaws.com/SharedBackground/480x288/3f5f2bad9b2520cf504e944ed62aa0b2/photo-1642418379704-cee4daa4679b.jpg"
                },
                {
                    "width": 960,
                    "height": 576,
                    "url": "https://trello-backgrounds.s3.amazonaws.com/SharedBackground/960x576/3f5f2bad9b2520cf504e944ed62aa0b2/photo-1642418379704-cee4daa4679b.jpg"
                },
                {
                    "width": 1024,
                    "height": 614,
                    "url": "https://trello-backgrounds.s3.amazonaws.com/SharedBackground/1024x614/3f5f2bad9b2520cf504e944ed62aa0b2/photo-1642418379704-cee4daa4679b.jpg"
                },
                {
                    "width": 1280,
                    "height": 768,
                    "url": "https://trello-backgrounds.s3.amazonaws.com/SharedBackground/1280x768/3f5f2bad9b2520cf504e944ed62aa0b2/photo-1642418379704-cee4daa4679b.jpg"
                },
                {
                    "width": 1920,
                    "height": 1152,
                    "url": "https://trello-backgrounds.s3.amazonaws.com/SharedBackground/1920x1152/3f5f2bad9b2520cf504e944ed62aa0b2/photo-1642418379704-cee4daa4679b.jpg"
                },
                {
                    "width": 2048,
                    "height": 1229,
                    "url": "https://trello-backgrounds.s3.amazonaws.com/SharedBackground/2048x1229/3f5f2bad9b2520cf504e944ed62aa0b2/photo-1642418379704-cee4daa4679b.jpg"
                },
                {
                    "width": 2560,
                    "height": 1536,
                    "url": "https://trello-backgrounds.s3.amazonaws.com/SharedBackground/original/079bc501abdf40f4aa1b5b40afd4f628/photo-1642418379704-cee4daa4679b"
                }
            ],
            "backgroundTile": false,
            "backgroundBrightness": "dark",
            "backgroundBottomColor": "#37424b",
            "backgroundTopColor": "#3b5565",
            "canBePublic": true,
            "canBeEnterprise": true,
            "canBeOrg": true,
            "canBePrivate": true,
            "canInvite": true
        },
        "subscribed": false,
        "labelNames": {
            "green": "",
            "yellow": "",
            "orange": "",
            "red": "",
            "purple": "",
            "blue": "",
            "sky": "",
            "lime": "",
            "pink": "",
            "black": ""
        },
        "dateLastView": "2022-02-03T01:30:56.337Z",
        "shortUrl": "https://trello.com/b/KuaQMwvx",
        "templateGallery": null,
        "premiumFeatures": [
            "additionalBoardBackgrounds",
            "additionalStickers",
            "customBoardBackgrounds",
            "customEmoji",
            "customStickers",
            "plugins"
        ],
        "memberships": [
            {
                "id": "61e99ffc4c322388e39c7525",
                "idMember": "61e83b1051c59185a1ac68c4",
                "memberType": "admin",
                "unconfirmed": false,
                "deactivated": false
            }
        ]
    }
]
{
    "id": "61fb30539a4f972470214736",
    "name": "Testing_List_92096",
    "closed": false,
    "pos": 8192,
    "idBoard": "61e99ffc4c322388e39c7520",
    "limits": {
        
    }
}
{
    "id": "61fb30539a4f972470214736",
    "name": "Testing_List_92096",
    "closed": true,
    "pos": 8192,
    "idBoard": "61e99ffc4c322388e39c7520"
}
onTestSuccess
]]></system-out>
  </testcase>
  <testcase name="testFlow3[CreateCard](1)" classname="com.Trello.tests.TestFlow3" time="2.691">
    <system-out><![CDATA[onTestStart
[
    {
        "name": "Testing_Board_5013",
        "desc": "",
        "descData": null,
        "closed": false,
        "dateClosed": null,
        "idOrganization": "61e83b2d16e67b88b3bd9165",
        "idEnterprise": null,
        "limits": null,
        "pinned": null,
        "shortLink": "KuaQMwvx",
        "powerUps": [
            
        ],
        "dateLastActivity": "2022-02-03T01:30:56.254Z",
        "idTags": [
            
        ],
        "datePluginDisable": null,
        "creationMethod": "automatic",
        "ixUpdate": null,
        "enterpriseOwned": false,
        "idBoardSource": null,
        "idMemberCreator": "61e83b1051c59185a1ac68c4",
        "id": "61e99ffc4c322388e39c7520",
        "starred": false,
        "url": "https://trello.com/b/KuaQMwvx/testingboard5013",
        "prefs": {
            "permissionLevel": "org",
            "hideVotes": false,
            "voting": "disabled",
            "comments": "members",
            "invitations": "members",
            "selfJoin": true,
            "cardCovers": true,
            "isTemplate": false,
            "cardAging": "regular",
            "calendarFeedEnabled": false,
            "hiddenPluginBoardButtons": [
                
            ],
            "background": "61e98c8768d3cd3261c9213c",
            "backgroundImage": "https://trello-backgrounds.s3.amazonaws.com/SharedBackground/original/079bc501abdf40f4aa1b5b40afd4f628/photo-1642418379704-cee4daa4679b",
            "backgroundImageScaled": [
                {
                    "width": 140,
                    "height": 84,
                    "url": "https://trello-backgrounds.s3.amazonaws.com/SharedBackground/140x84/3f5f2bad9b2520cf504e944ed62aa0b2/photo-1642418379704-cee4daa4679b.jpg"
                },
                {
                    "width": 256,
                    "height": 154,
                    "url": "https://trello-backgrounds.s3.amazonaws.com/SharedBackground/256x154/3f5f2bad9b2520cf504e944ed62aa0b2/photo-1642418379704-cee4daa4679b.jpg"
                },
                {
                    "width": 480,
                    "height": 288,
                    "url": "https://trello-backgrounds.s3.amazonaws.com/SharedBackground/480x288/3f5f2bad9b2520cf504e944ed62aa0b2/photo-1642418379704-cee4daa4679b.jpg"
                },
                {
                    "width": 960,
                    "height": 576,
                    "url": "https://trello-backgrounds.s3.amazonaws.com/SharedBackground/960x576/3f5f2bad9b2520cf504e944ed62aa0b2/photo-1642418379704-cee4daa4679b.jpg"
                },
                {
                    "width": 1024,
                    "height": 614,
                    "url": "https://trello-backgrounds.s3.amazonaws.com/SharedBackground/1024x614/3f5f2bad9b2520cf504e944ed62aa0b2/photo-1642418379704-cee4daa4679b.jpg"
                },
                {
                    "width": 1280,
                    "height": 768,
                    "url": "https://trello-backgrounds.s3.amazonaws.com/SharedBackground/1280x768/3f5f2bad9b2520cf504e944ed62aa0b2/photo-1642418379704-cee4daa4679b.jpg"
                },
                {
                    "width": 1920,
                    "height": 1152,
                    "url": "https://trello-backgrounds.s3.amazonaws.com/SharedBackground/1920x1152/3f5f2bad9b2520cf504e944ed62aa0b2/photo-1642418379704-cee4daa4679b.jpg"
                },
                {
                    "width": 2048,
                    "height": 1229,
                    "url": "https://trello-backgrounds.s3.amazonaws.com/SharedBackground/2048x1229/3f5f2bad9b2520cf504e944ed62aa0b2/photo-1642418379704-cee4daa4679b.jpg"
                },
                {
                    "width": 2560,
                    "height": 1536,
                    "url": "https://trello-backgrounds.s3.amazonaws.com/SharedBackground/original/079bc501abdf40f4aa1b5b40afd4f628/photo-1642418379704-cee4daa4679b"
                }
            ],
            "backgroundTile": false,
            "backgroundBrightness": "dark",
            "backgroundBottomColor": "#37424b",
            "backgroundTopColor": "#3b5565",
            "canBePublic": true,
            "canBeEnterprise": true,
            "canBeOrg": true,
            "canBePrivate": true,
            "canInvite": true
        },
        "subscribed": false,
        "labelNames": {
            "green": "",
            "yellow": "",
            "orange": "",
            "red": "",
            "purple": "",
            "blue": "",
            "sky": "",
            "lime": "",
            "pink": "",
            "black": ""
        },
        "dateLastView": "2022-02-03T01:30:59.852Z",
        "shortUrl": "https://trello.com/b/KuaQMwvx",
        "templateGallery": null,
        "premiumFeatures": [
            "additionalBoardBackgrounds",
            "additionalStickers",
            "customBoardBackgrounds",
            "customEmoji",
            "customStickers",
            "plugins"
        ],
        "memberships": [
            {
                "id": "61e99ffc4c322388e39c7525",
                "idMember": "61e83b1051c59185a1ac68c4",
                "memberType": "admin",
                "unconfirmed": false,
                "deactivated": false
            }
        ]
    }
]
{
    "id": "61fb3055870a5379348d9cf5",
    "name": "Testing_List_60213",
    "closed": false,
    "pos": 8192,
    "idBoard": "61e99ffc4c322388e39c7520",
    "limits": {
        
    }
}
{
    "id": "61fb30562384fd167aff3f26",
    "checkItemStates": [
        
    ],
    "closed": false,
    "dateLastActivity": "2022-02-03T01:31:02.332Z",
    "desc": "",
    "descData": {
        "emoji": {
            
        }
    },
    "dueReminder": null,
    "idBoard": "61e99ffc4c322388e39c7520",
    "idList": "61fb3055870a5379348d9cf5",
    "idMembersVoted": [
        
    ],
    "idShort": 95,
    "idAttachmentCover": null,
    "idLabels": [
        
    ],
    "manualCoverAttachment": false,
    "name": "Testing_List_60213,TF2_Testing_Card_20263",
    "pos": 16384,
    "shortLink": "uET9WXYF",
    "isTemplate": false,
    "cardRole": null,
    "dueComplete": false,
    "due": null,
    "email": null,
    "labels": [
        
    ],
    "shortUrl": "https://trello.com/c/uET9WXYF",
    "start": null,
    "url": "https://trello.com/c/uET9WXYF/95-testinglist60213tf2testingcard20263",
    "cover": {
        "idAttachment": null,
        "color": null,
        "idUploadedBackground": null,
        "size": "normal",
        "brightness": "dark",
        "idPlugin": null
    },
    "idMembers": [
        
    ],
    "attachments": [
        
    ],
    "badges": {
        "attachmentsByType": {
            "trello": {
                "board": 0,
                "card": 0
            }
        },
        "location": false,
        "votes": 0,
        "viewingMemberVoted": false,
        "subscribed": false,
        "fogbugz": "",
        "checkItems": 0,
        "checkItemsChecked": 0,
        "checkItemsEarliestDue": null,
        "comments": 0,
        "attachments": 0,
        "description": false,
        "due": null,
        "dueComplete": false,
        "start": null
    },
    "subscribed": false,
    "idChecklists": [
        
    ],
    "stickers": [
        
    ],
    "limits": {
        
    }
}
onTestSuccess
]]></system-out>
  </testcase>
  <testcase name="testFlow3[GetTheCard](2)" classname="com.Trello.tests.TestFlow3" time="3.778">
    <system-out><![CDATA[onTestStart
[
    {
        "name": "Testing_Board_5013",
        "desc": "",
        "descData": null,
        "closed": false,
        "dateClosed": null,
        "idOrganization": "61e83b2d16e67b88b3bd9165",
        "idEnterprise": null,
        "limits": null,
        "pinned": null,
        "shortLink": "KuaQMwvx",
        "powerUps": [
            
        ],
        "dateLastActivity": "2022-02-03T01:31:02.332Z",
        "idTags": [
            
        ],
        "datePluginDisable": null,
        "creationMethod": "automatic",
        "ixUpdate": null,
        "enterpriseOwned": false,
        "idBoardSource": null,
        "idMemberCreator": "61e83b1051c59185a1ac68c4",
        "id": "61e99ffc4c322388e39c7520",
        "starred": false,
        "url": "https://trello.com/b/KuaQMwvx/testingboard5013",
        "prefs": {
            "permissionLevel": "org",
            "hideVotes": false,
            "voting": "disabled",
            "comments": "members",
            "invitations": "members",
            "selfJoin": true,
            "cardCovers": true,
            "isTemplate": false,
            "cardAging": "regular",
            "calendarFeedEnabled": false,
            "hiddenPluginBoardButtons": [
                
            ],
            "background": "61e98c8768d3cd3261c9213c",
            "backgroundImage": "https://trello-backgrounds.s3.amazonaws.com/SharedBackground/original/079bc501abdf40f4aa1b5b40afd4f628/photo-1642418379704-cee4daa4679b",
            "backgroundImageScaled": [
                {
                    "width": 140,
                    "height": 84,
                    "url": "https://trello-backgrounds.s3.amazonaws.com/SharedBackground/140x84/3f5f2bad9b2520cf504e944ed62aa0b2/photo-1642418379704-cee4daa4679b.jpg"
                },
                {
                    "width": 256,
                    "height": 154,
                    "url": "https://trello-backgrounds.s3.amazonaws.com/SharedBackground/256x154/3f5f2bad9b2520cf504e944ed62aa0b2/photo-1642418379704-cee4daa4679b.jpg"
                },
                {
                    "width": 480,
                    "height": 288,
                    "url": "https://trello-backgrounds.s3.amazonaws.com/SharedBackground/480x288/3f5f2bad9b2520cf504e944ed62aa0b2/photo-1642418379704-cee4daa4679b.jpg"
                },
                {
                    "width": 960,
                    "height": 576,
                    "url": "https://trello-backgrounds.s3.amazonaws.com/SharedBackground/960x576/3f5f2bad9b2520cf504e944ed62aa0b2/photo-1642418379704-cee4daa4679b.jpg"
                },
                {
                    "width": 1024,
                    "height": 614,
                    "url": "https://trello-backgrounds.s3.amazonaws.com/SharedBackground/1024x614/3f5f2bad9b2520cf504e944ed62aa0b2/photo-1642418379704-cee4daa4679b.jpg"
                },
                {
                    "width": 1280,
                    "height": 768,
                    "url": "https://trello-backgrounds.s3.amazonaws.com/SharedBackground/1280x768/3f5f2bad9b2520cf504e944ed62aa0b2/photo-1642418379704-cee4daa4679b.jpg"
                },
                {
                    "width": 1920,
                    "height": 1152,
                    "url": "https://trello-backgrounds.s3.amazonaws.com/SharedBackground/1920x1152/3f5f2bad9b2520cf504e944ed62aa0b2/photo-1642418379704-cee4daa4679b.jpg"
                },
                {
                    "width": 2048,
                    "height": 1229,
                    "url": "https://trello-backgrounds.s3.amazonaws.com/SharedBackground/2048x1229/3f5f2bad9b2520cf504e944ed62aa0b2/photo-1642418379704-cee4daa4679b.jpg"
                },
                {
                    "width": 2560,
                    "height": 1536,
                    "url": "https://trello-backgrounds.s3.amazonaws.com/SharedBackground/original/079bc501abdf40f4aa1b5b40afd4f628/photo-1642418379704-cee4daa4679b"
                }
            ],
            "backgroundTile": false,
            "backgroundBrightness": "dark",
            "backgroundBottomColor": "#37424b",
            "backgroundTopColor": "#3b5565",
            "canBePublic": true,
            "canBeEnterprise": true,
            "canBeOrg": true,
            "canBePrivate": true,
            "canInvite": true
        },
        "subscribed": false,
        "labelNames": {
            "green": "",
            "yellow": "",
            "orange": "",
            "red": "",
            "purple": "",
            "blue": "",
            "sky": "",
            "lime": "",
            "pink": "",
            "black": ""
        },
        "dateLastView": "2022-02-03T01:31:02.429Z",
        "shortUrl": "https://trello.com/b/KuaQMwvx",
        "templateGallery": null,
        "premiumFeatures": [
            "additionalBoardBackgrounds",
            "additionalStickers",
            "customBoardBackgrounds",
            "customEmoji",
            "customStickers",
            "plugins"
        ],
        "memberships": [
            {
                "id": "61e99ffc4c322388e39c7525",
                "idMember": "61e83b1051c59185a1ac68c4",
                "memberType": "admin",
                "unconfirmed": false,
                "deactivated": false
            }
        ]
    }
]
{
    "id": "61fb3058d9439d37d3f7f2d2",
    "name": "Testing_List_13559",
    "closed": false,
    "pos": 4096,
    "idBoard": "61e99ffc4c322388e39c7520",
    "limits": {
        
    }
}
{
    "id": "61fb3059d9af797241e97ee4",
    "checkItemStates": [
        
    ],
    "closed": false,
    "dateLastActivity": "2022-02-03T01:31:05.346Z",
    "desc": "",
    "descData": {
        "emoji": {
            
        }
    },
    "dueReminder": null,
    "idBoard": "61e99ffc4c322388e39c7520",
    "idList": "61fb3058d9439d37d3f7f2d2",
    "idMembersVoted": [
        
    ],
    "idShort": 96,
    "idAttachmentCover": null,
    "idLabels": [
        
    ],
    "manualCoverAttachment": false,
    "name": "Testing_List_13559,TF2_Testing_Card_88773",
    "pos": 16384,
    "shortLink": "BCEfVhFR",
    "isTemplate": false,
    "cardRole": null,
    "dueComplete": false,
    "due": null,
    "email": null,
    "labels": [
        
    ],
    "shortUrl": "https://trello.com/c/BCEfVhFR",
    "start": null,
    "url": "https://trello.com/c/BCEfVhFR/96-testinglist13559tf2testingcard88773",
    "cover": {
        "idAttachment": null,
        "color": null,
        "idUploadedBackground": null,
        "size": "normal",
        "brightness": "dark",
        "idPlugin": null
    },
    "idMembers": [
        
    ],
    "attachments": [
        
    ],
    "badges": {
        "attachmentsByType": {
            "trello": {
                "board": 0,
                "card": 0
            }
        },
        "location": false,
        "votes": 0,
        "viewingMemberVoted": false,
        "subscribed": false,
        "fogbugz": "",
        "checkItems": 0,
        "checkItemsChecked": 0,
        "checkItemsEarliestDue": null,
        "comments": 0,
        "attachments": 0,
        "description": false,
        "due": null,
        "dueComplete": false,
        "start": null
    },
    "subscribed": false,
    "idChecklists": [
        
    ],
    "stickers": [
        
    ],
    "limits": {
        
    }
}
[
    {
        "id": "61fb3059d9af797241e97ee4",
        "checkItemStates": null,
        "closed": false,
        "dateLastActivity": "2022-02-03T01:31:05.346Z",
        "desc": "",
        "descData": {
            "emoji": {
                
            }
        },
        "dueReminder": null,
        "idBoard": "61e99ffc4c322388e39c7520",
        "idList": "61fb3058d9439d37d3f7f2d2",
        "idMembersVoted": [
            
        ],
        "idShort": 96,
        "idAttachmentCover": null,
        "idLabels": [
            
        ],
        "manualCoverAttachment": false,
        "name": "Testing_List_13559,TF2_Testing_Card_88773",
        "pos": 16384,
        "shortLink": "BCEfVhFR",
        "isTemplate": false,
        "cardRole": null,
        "badges": {
            "attachmentsByType": {
                "trello": {
                    "board": 0,
                    "card": 0
                }
            },
            "location": false,
            "votes": 0,
            "viewingMemberVoted": false,
            "subscribed": false,
            "fogbugz": "",
            "checkItems": 0,
            "checkItemsChecked": 0,
            "checkItemsEarliestDue": null,
            "comments": 0,
            "attachments": 0,
            "description": false,
            "due": null,
            "dueComplete": false,
            "start": null
        },
        "dueComplete": false,
        "due": null,
        "idChecklists": [
            
        ],
        "idMembers": [
            
        ],
        "labels": [
            
        ],
        "shortUrl": "https://trello.com/c/BCEfVhFR",
        "start": null,
        "subscribed": false,
        "url": "https://trello.com/c/BCEfVhFR/96-testinglist13559tf2testingcard88773",
        "cover": {
            "idAttachment": null,
            "color": null,
            "idUploadedBackground": null,
            "size": "normal",
            "brightness": "dark",
            "idPlugin": null
        }
    }
]
onTestSuccess
]]></system-out>
  </testcase>
  <testcase name="testFlow3[CreateAttachmentOnCard](3)" classname="com.Trello.tests.TestFlow3" time="8.93">
    <system-out><![CDATA[onTestStart
[
    {
        "name": "Testing_Board_5013",
        "desc": "",
        "descData": null,
        "closed": false,
        "dateClosed": null,
        "idOrganization": "61e83b2d16e67b88b3bd9165",
        "idEnterprise": null,
        "limits": null,
        "pinned": null,
        "shortLink": "KuaQMwvx",
        "powerUps": [
            
        ],
        "dateLastActivity": "2022-02-03T01:31:05.346Z",
        "idTags": [
            
        ],
        "datePluginDisable": null,
        "creationMethod": "automatic",
        "ixUpdate": null,
        "enterpriseOwned": false,
        "idBoardSource": null,
        "idMemberCreator": "61e83b1051c59185a1ac68c4",
        "id": "61e99ffc4c322388e39c7520",
        "starred": false,
        "url": "https://trello.com/b/KuaQMwvx/testingboard5013",
        "prefs": {
            "permissionLevel": "org",
            "hideVotes": false,
            "voting": "disabled",
            "comments": "members",
            "invitations": "members",
            "selfJoin": true,
            "cardCovers": true,
            "isTemplate": false,
            "cardAging": "regular",
            "calendarFeedEnabled": false,
            "hiddenPluginBoardButtons": [
                
            ],
            "background": "61e98c8768d3cd3261c9213c",
            "backgroundImage": "https://trello-backgrounds.s3.amazonaws.com/SharedBackground/original/079bc501abdf40f4aa1b5b40afd4f628/photo-1642418379704-cee4daa4679b",
            "backgroundImageScaled": [
                {
                    "width": 140,
                    "height": 84,
                    "url": "https://trello-backgrounds.s3.amazonaws.com/SharedBackground/140x84/3f5f2bad9b2520cf504e944ed62aa0b2/photo-1642418379704-cee4daa4679b.jpg"
                },
                {
                    "width": 256,
                    "height": 154,
                    "url": "https://trello-backgrounds.s3.amazonaws.com/SharedBackground/256x154/3f5f2bad9b2520cf504e944ed62aa0b2/photo-1642418379704-cee4daa4679b.jpg"
                },
                {
                    "width": 480,
                    "height": 288,
                    "url": "https://trello-backgrounds.s3.amazonaws.com/SharedBackground/480x288/3f5f2bad9b2520cf504e944ed62aa0b2/photo-1642418379704-cee4daa4679b.jpg"
                },
                {
                    "width": 960,
                    "height": 576,
                    "url": "https://trello-backgrounds.s3.amazonaws.com/SharedBackground/960x576/3f5f2bad9b2520cf504e944ed62aa0b2/photo-1642418379704-cee4daa4679b.jpg"
                },
                {
                    "width": 1024,
                    "height": 614,
                    "url": "https://trello-backgrounds.s3.amazonaws.com/SharedBackground/1024x614/3f5f2bad9b2520cf504e944ed62aa0b2/photo-1642418379704-cee4daa4679b.jpg"
                },
                {
                    "width": 1280,
                    "height": 768,
                    "url": "https://trello-backgrounds.s3.amazonaws.com/SharedBackground/1280x768/3f5f2bad9b2520cf504e944ed62aa0b2/photo-1642418379704-cee4daa4679b.jpg"
                },
                {
                    "width": 1920,
                    "height": 1152,
                    "url": "https://trello-backgrounds.s3.amazonaws.com/SharedBackground/1920x1152/3f5f2bad9b2520cf504e944ed62aa0b2/photo-1642418379704-cee4daa4679b.jpg"
                },
                {
                    "width": 2048,
                    "height": 1229,
                    "url": "https://trello-backgrounds.s3.amazonaws.com/SharedBackground/2048x1229/3f5f2bad9b2520cf504e944ed62aa0b2/photo-1642418379704-cee4daa4679b.jpg"
                },
                {
                    "width": 2560,
                    "height": 1536,
                    "url": "https://trello-backgrounds.s3.amazonaws.com/SharedBackground/original/079bc501abdf40f4aa1b5b40afd4f628/photo-1642418379704-cee4daa4679b"
                }
            ],
            "backgroundTile": false,
            "backgroundBrightness": "dark",
            "backgroundBottomColor": "#37424b",
            "backgroundTopColor": "#3b5565",
            "canBePublic": true,
            "canBeEnterprise": true,
            "canBeOrg": true,
            "canBePrivate": true,
            "canInvite": true
        },
        "subscribed": false,
        "labelNames": {
            "green": "",
            "yellow": "",
            "orange": "",
            "red": "",
            "purple": "",
            "blue": "",
            "sky": "",
            "lime": "",
            "pink": "",
            "black": ""
        },
        "dateLastView": "2022-02-03T01:31:05.439Z",
        "shortUrl": "https://trello.com/b/KuaQMwvx",
        "templateGallery": null,
        "premiumFeatures": [
            "additionalBoardBackgrounds",
            "additionalStickers",
            "customBoardBackgrounds",
            "customEmoji",
            "customStickers",
            "plugins"
        ],
        "memberships": [
            {
                "id": "61e99ffc4c322388e39c7525",
                "idMember": "61e83b1051c59185a1ac68c4",
                "memberType": "admin",
                "unconfirmed": false,
                "deactivated": false
            }
        ]
    }
]
{
    "id": "61fb305b1af2126e9b3ec68d",
    "name": "Testing_List_75169",
    "closed": false,
    "pos": 2048,
    "idBoard": "61e99ffc4c322388e39c7520",
    "limits": {
        
    }
}
{
    "id": "61fb305c95aba056285a8202",
    "checkItemStates": [
        
    ],
    "closed": false,
    "dateLastActivity": "2022-02-03T01:31:08.268Z",
    "desc": "",
    "descData": {
        "emoji": {
            
        }
    },
    "dueReminder": null,
    "idBoard": "61e99ffc4c322388e39c7520",
    "idList": "61fb305b1af2126e9b3ec68d",
    "idMembersVoted": [
        
    ],
    "idShort": 97,
    "idAttachmentCover": null,
    "idLabels": [
        
    ],
    "manualCoverAttachment": false,
    "name": "Testing_List_75169,TF2_Testing_Card_35373",
    "pos": 16384,
    "shortLink": "JZXMDlLo",
    "isTemplate": false,
    "cardRole": null,
    "dueComplete": false,
    "due": null,
    "email": null,
    "labels": [
        
    ],
    "shortUrl": "https://trello.com/c/JZXMDlLo",
    "start": null,
    "url": "https://trello.com/c/JZXMDlLo/97-testinglist75169tf2testingcard35373",
    "cover": {
        "idAttachment": null,
        "color": null,
        "idUploadedBackground": null,
        "size": "normal",
        "brightness": "dark",
        "idPlugin": null
    },
    "idMembers": [
        
    ],
    "attachments": [
        
    ],
    "badges": {
        "attachmentsByType": {
            "trello": {
                "board": 0,
                "card": 0
            }
        },
        "location": false,
        "votes": 0,
        "viewingMemberVoted": false,
        "subscribed": false,
        "fogbugz": "",
        "checkItems": 0,
        "checkItemsChecked": 0,
        "checkItemsEarliestDue": null,
        "comments": 0,
        "attachments": 0,
        "description": false,
        "due": null,
        "dueComplete": false,
        "start": null
    },
    "subscribed": false,
    "idChecklists": [
        
    ],
    "stickers": [
        
    ],
    "limits": {
        
    }
}
{
    "id": "61fb306368750b0f5af3fc06",
    "bytes": null,
    "date": "2022-02-03T01:31:15.033Z",
    "edgeColor": null,
    "idMember": "61e83b1051c59185a1ac68c4",
    "isUpload": false,
    "mimeType": "",
    "name": "Testing_List_75169,TF2_Testing_Card_35373,TF3_Testing_Attachment_4368",
    "previews": [
        
    ],
    "url": "https://test.com",
    "pos": 16384,
    "fileName": null,
    "limits": {
        
    }
}
onTestSuccess
]]></system-out>
  </testcase>
  <testcase name="testFlow3[DeleteAttachmentOnCard](4)" classname="com.Trello.tests.TestFlow3" time="9.693">
    <system-out><![CDATA[onTestStart
[
    {
        "name": "Testing_Board_5013",
        "desc": "",
        "descData": null,
        "closed": false,
        "dateClosed": null,
        "idOrganization": "61e83b2d16e67b88b3bd9165",
        "idEnterprise": null,
        "limits": null,
        "pinned": null,
        "shortLink": "KuaQMwvx",
        "powerUps": [
            
        ],
        "dateLastActivity": "2022-02-03T01:31:15.040Z",
        "idTags": [
            
        ],
        "datePluginDisable": null,
        "creationMethod": "automatic",
        "ixUpdate": null,
        "enterpriseOwned": false,
        "idBoardSource": null,
        "idMemberCreator": "61e83b1051c59185a1ac68c4",
        "id": "61e99ffc4c322388e39c7520",
        "starred": false,
        "url": "https://trello.com/b/KuaQMwvx/testingboard5013",
        "prefs": {
            "permissionLevel": "org",
            "hideVotes": false,
            "voting": "disabled",
            "comments": "members",
            "invitations": "members",
            "selfJoin": true,
            "cardCovers": true,
            "isTemplate": false,
            "cardAging": "regular",
            "calendarFeedEnabled": false,
            "hiddenPluginBoardButtons": [
                
            ],
            "background": "61e98c8768d3cd3261c9213c",
            "backgroundImage": "https://trello-backgrounds.s3.amazonaws.com/SharedBackground/original/079bc501abdf40f4aa1b5b40afd4f628/photo-1642418379704-cee4daa4679b",
            "backgroundImageScaled": [
                {
                    "width": 140,
                    "height": 84,
                    "url": "https://trello-backgrounds.s3.amazonaws.com/SharedBackground/140x84/3f5f2bad9b2520cf504e944ed62aa0b2/photo-1642418379704-cee4daa4679b.jpg"
                },
                {
                    "width": 256,
                    "height": 154,
                    "url": "https://trello-backgrounds.s3.amazonaws.com/SharedBackground/256x154/3f5f2bad9b2520cf504e944ed62aa0b2/photo-1642418379704-cee4daa4679b.jpg"
                },
                {
                    "width": 480,
                    "height": 288,
                    "url": "https://trello-backgrounds.s3.amazonaws.com/SharedBackground/480x288/3f5f2bad9b2520cf504e944ed62aa0b2/photo-1642418379704-cee4daa4679b.jpg"
                },
                {
                    "width": 960,
                    "height": 576,
                    "url": "https://trello-backgrounds.s3.amazonaws.com/SharedBackground/960x576/3f5f2bad9b2520cf504e944ed62aa0b2/photo-1642418379704-cee4daa4679b.jpg"
                },
                {
                    "width": 1024,
                    "height": 614,
                    "url": "https://trello-backgrounds.s3.amazonaws.com/SharedBackground/1024x614/3f5f2bad9b2520cf504e944ed62aa0b2/photo-1642418379704-cee4daa4679b.jpg"
                },
                {
                    "width": 1280,
                    "height": 768,
                    "url": "https://trello-backgrounds.s3.amazonaws.com/SharedBackground/1280x768/3f5f2bad9b2520cf504e944ed62aa0b2/photo-1642418379704-cee4daa4679b.jpg"
                },
                {
                    "width": 1920,
                    "height": 1152,
                    "url": "https://trello-backgrounds.s3.amazonaws.com/SharedBackground/1920x1152/3f5f2bad9b2520cf504e944ed62aa0b2/photo-1642418379704-cee4daa4679b.jpg"
                },
                {
                    "width": 2048,
                    "height": 1229,
                    "url": "https://trello-backgrounds.s3.amazonaws.com/SharedBackground/2048x1229/3f5f2bad9b2520cf504e944ed62aa0b2/photo-1642418379704-cee4daa4679b.jpg"
                },
                {
                    "width": 2560,
                    "height": 1536,
                    "url": "https://trello-backgrounds.s3.amazonaws.com/SharedBackground/original/079bc501abdf40f4aa1b5b40afd4f628/photo-1642418379704-cee4daa4679b"
                }
            ],
            "backgroundTile": false,
            "backgroundBrightness": "dark",
            "backgroundBottomColor": "#37424b",
            "backgroundTopColor": "#3b5565",
            "canBePublic": true,
            "canBeEnterprise": true,
            "canBeOrg": true,
            "canBePrivate": true,
            "canInvite": true
        },
        "subscribed": false,
        "labelNames": {
            "green": "",
            "yellow": "",
            "orange": "",
            "red": "",
            "purple": "",
            "blue": "",
            "sky": "",
            "lime": "",
            "pink": "",
            "black": ""
        },
        "dateLastView": "2022-02-03T01:31:15.089Z",
        "shortUrl": "https://trello.com/b/KuaQMwvx",
        "templateGallery": null,
        "premiumFeatures": [
            "additionalBoardBackgrounds",
            "additionalStickers",
            "customBoardBackgrounds",
            "customEmoji",
            "customStickers",
            "plugins"
        ],
        "memberships": [
            {
                "id": "61e99ffc4c322388e39c7525",
                "idMember": "61e83b1051c59185a1ac68c4",
                "memberType": "admin",
                "unconfirmed": false,
                "deactivated": false
            }
        ]
    }
]
{
    "id": "61fb3064be96e586ea499487",
    "name": "Testing_List_67293",
    "closed": false,
    "pos": 1024,
    "idBoard": "61e99ffc4c322388e39c7520",
    "limits": {
        
    }
}
{
    "id": "61fb3065b8ae7480b8e3a683",
    "checkItemStates": [
        
    ],
    "closed": false,
    "dateLastActivity": "2022-02-03T01:31:17.322Z",
    "desc": "",
    "descData": {
        "emoji": {
            
        }
    },
    "dueReminder": null,
    "idBoard": "61e99ffc4c322388e39c7520",
    "idList": "61fb3064be96e586ea499487",
    "idMembersVoted": [
        
    ],
    "idShort": 98,
    "idAttachmentCover": null,
    "idLabels": [
        
    ],
    "manualCoverAttachment": false,
    "name": "Testing_List_67293,TF2_Testing_Card_29818",
    "pos": 16384,
    "shortLink": "rJbrJAsn",
    "isTemplate": false,
    "cardRole": null,
    "dueComplete": false,
    "due": null,
    "email": null,
    "labels": [
        
    ],
    "shortUrl": "https://trello.com/c/rJbrJAsn",
    "start": null,
    "url": "https://trello.com/c/rJbrJAsn/98-testinglist67293tf2testingcard29818",
    "cover": {
        "idAttachment": null,
        "color": null,
        "idUploadedBackground": null,
        "size": "normal",
        "brightness": "dark",
        "idPlugin": null
    },
    "idMembers": [
        
    ],
    "attachments": [
        
    ],
    "badges": {
        "attachmentsByType": {
            "trello": {
                "board": 0,
                "card": 0
            }
        },
        "location": false,
        "votes": 0,
        "viewingMemberVoted": false,
        "subscribed": false,
        "fogbugz": "",
        "checkItems": 0,
        "checkItemsChecked": 0,
        "checkItemsEarliestDue": null,
        "comments": 0,
        "attachments": 0,
        "description": false,
        "due": null,
        "dueComplete": false,
        "start": null
    },
    "subscribed": false,
    "idChecklists": [
        
    ],
    "stickers": [
        
    ],
    "limits": {
        
    }
}
{
    "id": "61fb306cfb2dc149dc419aa2",
    "bytes": null,
    "date": "2022-02-03T01:31:24.022Z",
    "edgeColor": null,
    "idMember": "61e83b1051c59185a1ac68c4",
    "isUpload": false,
    "mimeType": "",
    "name": "Testing_List_67293,TF2_Testing_Card_29818,TF3_Testing_Attachment_9356",
    "previews": [
        
    ],
    "url": "https://test.com",
    "pos": 16384,
    "fileName": null,
    "limits": {
        
    }
}
{
    "limits": {
        
    }
}
onTestSuccess
]]></system-out>
  </testcase>
  <testcase name="testFlow3[DeleteCard](5)" classname="com.Trello.tests.TestFlow3" time="3.614">
    <system-out><![CDATA[onTestStart
[
    {
        "name": "Testing_Board_5013",
        "desc": "",
        "descData": null,
        "closed": false,
        "dateClosed": null,
        "idOrganization": "61e83b2d16e67b88b3bd9165",
        "idEnterprise": null,
        "limits": null,
        "pinned": null,
        "shortLink": "KuaQMwvx",
        "powerUps": [
            
        ],
        "dateLastActivity": "2022-02-03T01:31:24.771Z",
        "idTags": [
            
        ],
        "datePluginDisable": null,
        "creationMethod": "automatic",
        "ixUpdate": null,
        "enterpriseOwned": false,
        "idBoardSource": null,
        "idMemberCreator": "61e83b1051c59185a1ac68c4",
        "id": "61e99ffc4c322388e39c7520",
        "starred": false,
        "url": "https://trello.com/b/KuaQMwvx/testingboard5013",
        "prefs": {
            "permissionLevel": "org",
            "hideVotes": false,
            "voting": "disabled",
            "comments": "members",
            "invitations": "members",
            "selfJoin": true,
            "cardCovers": true,
            "isTemplate": false,
            "cardAging": "regular",
            "calendarFeedEnabled": false,
            "hiddenPluginBoardButtons": [
                
            ],
            "background": "61e98c8768d3cd3261c9213c",
            "backgroundImage": "https://trello-backgrounds.s3.amazonaws.com/SharedBackground/original/079bc501abdf40f4aa1b5b40afd4f628/photo-1642418379704-cee4daa4679b",
            "backgroundImageScaled": [
                {
                    "width": 140,
                    "height": 84,
                    "url": "https://trello-backgrounds.s3.amazonaws.com/SharedBackground/140x84/3f5f2bad9b2520cf504e944ed62aa0b2/photo-1642418379704-cee4daa4679b.jpg"
                },
                {
                    "width": 256,
                    "height": 154,
                    "url": "https://trello-backgrounds.s3.amazonaws.com/SharedBackground/256x154/3f5f2bad9b2520cf504e944ed62aa0b2/photo-1642418379704-cee4daa4679b.jpg"
                },
                {
                    "width": 480,
                    "height": 288,
                    "url": "https://trello-backgrounds.s3.amazonaws.com/SharedBackground/480x288/3f5f2bad9b2520cf504e944ed62aa0b2/photo-1642418379704-cee4daa4679b.jpg"
                },
                {
                    "width": 960,
                    "height": 576,
                    "url": "https://trello-backgrounds.s3.amazonaws.com/SharedBackground/960x576/3f5f2bad9b2520cf504e944ed62aa0b2/photo-1642418379704-cee4daa4679b.jpg"
                },
                {
                    "width": 1024,
                    "height": 614,
                    "url": "https://trello-backgrounds.s3.amazonaws.com/SharedBackground/1024x614/3f5f2bad9b2520cf504e944ed62aa0b2/photo-1642418379704-cee4daa4679b.jpg"
                },
                {
                    "width": 1280,
                    "height": 768,
                    "url": "https://trello-backgrounds.s3.amazonaws.com/SharedBackground/1280x768/3f5f2bad9b2520cf504e944ed62aa0b2/photo-1642418379704-cee4daa4679b.jpg"
                },
                {
                    "width": 1920,
                    "height": 1152,
                    "url": "https://trello-backgrounds.s3.amazonaws.com/SharedBackground/1920x1152/3f5f2bad9b2520cf504e944ed62aa0b2/photo-1642418379704-cee4daa4679b.jpg"
                },
                {
                    "width": 2048,
                    "height": 1229,
                    "url": "https://trello-backgrounds.s3.amazonaws.com/SharedBackground/2048x1229/3f5f2bad9b2520cf504e944ed62aa0b2/photo-1642418379704-cee4daa4679b.jpg"
                },
                {
                    "width": 2560,
                    "height": 1536,
                    "url": "https://trello-backgrounds.s3.amazonaws.com/SharedBackground/original/079bc501abdf40f4aa1b5b40afd4f628/photo-1642418379704-cee4daa4679b"
                }
            ],
            "backgroundTile": false,
            "backgroundBrightness": "dark",
            "backgroundBottomColor": "#37424b",
            "backgroundTopColor": "#3b5565",
            "canBePublic": true,
            "canBeEnterprise": true,
            "canBeOrg": true,
            "canBePrivate": true,
            "canInvite": true
        },
        "subscribed": false,
        "labelNames": {
            "green": "",
            "yellow": "",
            "orange": "",
            "red": "",
            "purple": "",
            "blue": "",
            "sky": "",
            "lime": "",
            "pink": "",
            "black": ""
        },
        "dateLastView": "2022-02-03T01:31:24.822Z",
        "shortUrl": "https://trello.com/b/KuaQMwvx",
        "templateGallery": null,
        "premiumFeatures": [
            "additionalBoardBackgrounds",
            "additionalStickers",
            "customBoardBackgrounds",
            "customEmoji",
            "customStickers",
            "plugins"
        ],
        "memberships": [
            {
                "id": "61e99ffc4c322388e39c7525",
                "idMember": "61e83b1051c59185a1ac68c4",
                "memberType": "admin",
                "unconfirmed": false,
                "deactivated": false
            }
        ]
    }
]
{
    "id": "61fb306ee09871871ffb0948",
    "name": "Testing_List_48129",
    "closed": false,
    "pos": 512,
    "idBoard": "61e99ffc4c322388e39c7520",
    "limits": {
        
    }
}
{
    "id": "61fb306f0b90e5428d6c8de9",
    "checkItemStates": [
        
    ],
    "closed": false,
    "dateLastActivity": "2022-02-03T01:31:27.570Z",
    "desc": "",
    "descData": {
        "emoji": {
            
        }
    },
    "dueReminder": null,
    "idBoard": "61e99ffc4c322388e39c7520",
    "idList": "61fb306ee09871871ffb0948",
    "idMembersVoted": [
        
    ],
    "idShort": 99,
    "idAttachmentCover": null,
    "idLabels": [
        
    ],
    "manualCoverAttachment": false,
    "name": "Testing_List_48129,TF2_Testing_Card_24746",
    "pos": 16384,
    "shortLink": "m3yuN2aH",
    "isTemplate": false,
    "cardRole": null,
    "dueComplete": false,
    "due": null,
    "email": null,
    "labels": [
        
    ],
    "shortUrl": "https://trello.com/c/m3yuN2aH",
    "start": null,
    "url": "https://trello.com/c/m3yuN2aH/99-testinglist48129tf2testingcard24746",
    "cover": {
        "idAttachment": null,
        "color": null,
        "idUploadedBackground": null,
        "size": "normal",
        "brightness": "dark",
        "idPlugin": null
    },
    "idMembers": [
        
    ],
    "attachments": [
        
    ],
    "badges": {
        "attachmentsByType": {
            "trello": {
                "board": 0,
                "card": 0
            }
        },
        "location": false,
        "votes": 0,
        "viewingMemberVoted": false,
        "subscribed": false,
        "fogbugz": "",
        "checkItems": 0,
        "checkItemsChecked": 0,
        "checkItemsEarliestDue": null,
        "comments": 0,
        "attachments": 0,
        "description": false,
        "due": null,
        "dueComplete": false,
        "start": null
    },
    "subscribed": false,
    "idChecklists": [
        
    ],
    "stickers": [
        
    ],
    "limits": {
        
    }
}
{
    "limits": {
        
    }
}
onTestSuccess
]]></system-out>
  </testcase>
  <testcase name="testFlow4[GetAMember](1)" classname="com.Trello.tests.TestFlow4" time="1.658">
    <system-out><![CDATA[onTestStart
HTTP/1.1 200 OK
X-Dns-Prefetch-Control: off
X-Frame-Options: DENY
X-Download-Options: noopen
X-Permitted-Cross-Domain-Policies: none
Referrer-Policy: strict-origin-when-cross-origin
Surrogate-Control: no-store
Cache-Control: max-age=0, must-revalidate, no-cache, no-store
Pragma: no-cache
Expires: Thu, 01 Jan 1970 00:00:00
X-Trello-Version: 1.111683.0
X-Trello-Environment: Production
Set-Cookie: dsc=678e0ff603f451732e01c87cf07f94952a3e35bd2722b475cda309d308e4b03f; Path=/; Expires=Sun, 06 Feb 2022 01:31:29 GMT; Secure
Set-Cookie: preAuthProps=s%3A61e83b1051c59185a1ac68c4%3AisEnterpriseAdmin%3Dfalse.fxQbAROXDbZ2Bz51foA1oy2%2FCKcQXE8SMZh0D1bNa0w; Path=/; HttpOnly
Access-Control-Allow-Origin: *
Access-Control-Allow-Methods: GET, PUT, POST, DELETE
Access-Control-Allow-Headers: Authorization, Accept, Content-Type
Access-Control-Expose-Headers: x-rate-limit-api-key-interval-ms, x-rate-limit-api-key-max, x-rate-limit-api-key-remaining, x-rate-limit-api-token-interval-ms, x-rate-limit-api-token-max, x-rate-limit-api-token-remaining
X-Rate-Limit-Api-Token-Interval-Ms: 10000
X-Rate-Limit-Api-Token-Max: 100
X-Rate-Limit-Api-Token-Remaining: 94
X-Rate-Limit-Api-Key-Interval-Ms: 10000
X-Rate-Limit-Api-Key-Max: 300
X-Rate-Limit-Api-Key-Remaining: 294
X-Rate-Limit-Member-Interval-Ms: 10000
X-Rate-Limit-Member-Max: 375
X-Rate-Limit-Member-Remaining: 369
X-Server-Time: 1643851889134
X-Trello-Actual-Fastget-Path: fast
Content-Type: application/json; charset=utf-8
Date: Thu, 03 Feb 2022 01:31:29 GMT
Content-Encoding: gzip
X-Envoy-Upstream-Service-Time: 268
Expect-Ct: report-uri="https://web-security-reports.services.atlassian.com/expect-ct-report/trello-edge", max-age=86400
Strict-Transport-Security: max-age=63072000; preload
X-Content-Type-Options: nosniff
X-Xss-Protection: 1; mode=block
Atl-Traceid: 9367df59820954a3
Report-To: {"group": "endpoint-1", "max_age": 600, "endpoints": [{"url": "https://dj9s4kmieytgz.cloudfront.net"}], "include_subdomains": true}
Nel: {"report_to": "endpoint-1", "max_age": 600, "include_subdomains": true, "failure_fraction": 0.001}
Server: globaledge-envoy
Transfer-Encoding: chunked

[
    {
        "name": "Testing_Board_5013",
        "desc": "",
        "descData": null,
        "closed": false,
        "dateClosed": null,
        "idOrganization": "61e83b2d16e67b88b3bd9165",
        "idEnterprise": null,
        "limits": null,
        "pinned": null,
        "shortLink": "KuaQMwvx",
        "powerUps": [
            
        ],
        "dateLastActivity": "2022-02-03T01:31:28.413Z",
        "idTags": [
            
        ],
        "datePluginDisable": null,
        "creationMethod": "automatic",
        "ixUpdate": null,
        "enterpriseOwned": false,
        "idBoardSource": null,
        "idMemberCreator": "61e83b1051c59185a1ac68c4",
        "id": "61e99ffc4c322388e39c7520",
        "starred": false,
        "url": "https://trello.com/b/KuaQMwvx/testingboard5013",
        "prefs": {
            "permissionLevel": "org",
            "hideVotes": false,
            "voting": "disabled",
            "comments": "members",
            "invitations": "members",
            "selfJoin": true,
            "cardCovers": true,
            "isTemplate": false,
            "cardAging": "regular",
            "calendarFeedEnabled": false,
            "hiddenPluginBoardButtons": [
                
            ],
            "background": "61e98c8768d3cd3261c9213c",
            "backgroundImage": "https://trello-backgrounds.s3.amazonaws.com/SharedBackground/original/079bc501abdf40f4aa1b5b40afd4f628/photo-1642418379704-cee4daa4679b",
            "backgroundImageScaled": [
                {
                    "width": 140,
                    "height": 84,
                    "url": "https://trello-backgrounds.s3.amazonaws.com/SharedBackground/140x84/3f5f2bad9b2520cf504e944ed62aa0b2/photo-1642418379704-cee4daa4679b.jpg"
                },
                {
                    "width": 256,
                    "height": 154,
                    "url": "https://trello-backgrounds.s3.amazonaws.com/SharedBackground/256x154/3f5f2bad9b2520cf504e944ed62aa0b2/photo-1642418379704-cee4daa4679b.jpg"
                },
                {
                    "width": 480,
                    "height": 288,
                    "url": "https://trello-backgrounds.s3.amazonaws.com/SharedBackground/480x288/3f5f2bad9b2520cf504e944ed62aa0b2/photo-1642418379704-cee4daa4679b.jpg"
                },
                {
                    "width": 960,
                    "height": 576,
                    "url": "https://trello-backgrounds.s3.amazonaws.com/SharedBackground/960x576/3f5f2bad9b2520cf504e944ed62aa0b2/photo-1642418379704-cee4daa4679b.jpg"
                },
                {
                    "width": 1024,
                    "height": 614,
                    "url": "https://trello-backgrounds.s3.amazonaws.com/SharedBackground/1024x614/3f5f2bad9b2520cf504e944ed62aa0b2/photo-1642418379704-cee4daa4679b.jpg"
                },
                {
                    "width": 1280,
                    "height": 768,
                    "url": "https://trello-backgrounds.s3.amazonaws.com/SharedBackground/1280x768/3f5f2bad9b2520cf504e944ed62aa0b2/photo-1642418379704-cee4daa4679b.jpg"
                },
                {
                    "width": 1920,
                    "height": 1152,
                    "url": "https://trello-backgrounds.s3.amazonaws.com/SharedBackground/1920x1152/3f5f2bad9b2520cf504e944ed62aa0b2/photo-1642418379704-cee4daa4679b.jpg"
                },
                {
                    "width": 2048,
                    "height": 1229,
                    "url": "https://trello-backgrounds.s3.amazonaws.com/SharedBackground/2048x1229/3f5f2bad9b2520cf504e944ed62aa0b2/photo-1642418379704-cee4daa4679b.jpg"
                },
                {
                    "width": 2560,
                    "height": 1536,
                    "url": "https://trello-backgrounds.s3.amazonaws.com/SharedBackground/original/079bc501abdf40f4aa1b5b40afd4f628/photo-1642418379704-cee4daa4679b"
                }
            ],
            "backgroundTile": false,
            "backgroundBrightness": "dark",
            "backgroundBottomColor": "#37424b",
            "backgroundTopColor": "#3b5565",
            "canBePublic": true,
            "canBeEnterprise": true,
            "canBeOrg": true,
            "canBePrivate": true,
            "canInvite": true
        },
        "subscribed": false,
        "labelNames": {
            "green": "",
            "yellow": "",
            "orange": "",
            "red": "",
            "purple": "",
            "blue": "",
            "sky": "",
            "lime": "",
            "pink": "",
            "black": ""
        },
        "dateLastView": "2022-02-03T01:31:28.483Z",
        "shortUrl": "https://trello.com/b/KuaQMwvx",
        "templateGallery": null,
        "premiumFeatures": [
            "additionalBoardBackgrounds",
            "additionalStickers",
            "customBoardBackgrounds",
            "customEmoji",
            "customStickers",
            "plugins"
        ],
        "memberships": [
            {
                "id": "61e99ffc4c322388e39c7525",
                "idMember": "61e83b1051c59185a1ac68c4",
                "memberType": "admin",
                "unconfirmed": false,
                "deactivated": false
            }
        ]
    }
]
{
    "id": "61e83b1051c59185a1ac68c4",
    "isAaMastered": true,
    "aaId": "61e83ac008c1f7006a2b956b",
    "activityBlocked": false,
    "avatarHash": "9618772fa5290cb5f2c0163228f622f2",
    "avatarUrl": "https://trello-members.s3.amazonaws.com/61e83b1051c59185a1ac68c4/9618772fa5290cb5f2c0163228f622f2",
    "bio": "",
    "bioData": null,
    "confirmed": true,
    "fullName": "Shubham Banodha",
    "idMemberReferrer": null,
    "idPremOrgsAdmin": [
        
    ],
    "initials": "SB",
    "memberType": "normal",
    "nonPublic": {
        
    },
    "nonPublicAvailable": true,
    "products": [
        
    ],
    "url": "https://trello.com/shubhambanodha",
    "username": "shubhambanodha",
    "status": "disconnected",
    "aaBlockSyncUntil": null,
    "aaEmail": null,
    "aaEnrolledDate": null,
    "avatarSource": "none",
    "credentialsRemovedCount": 0,
    "domainClaimed": null,
    "email": "shubham25banodhanagp@gmail.com",
    "goldSunsetFreeTrialIdOrganization": null,
    "gravatarHash": "9335ba3421488bf2126338338210252d",
    "idBoards": [
        "61e99ffc4c322388e39c7520"
    ],
    "idOrganizations": [
        "61e83b2d16e67b88b3bd9165",
        "61f28967bb39d45767307e79",
        "61f28adaada58a5ffbe35c99",
        "61f28b2693852c1b9fa651e4",
        "61f28b8de6059e42141258c5",
        "61f28ba6249b233727ec2110",
        "61f28bd8be63136190b2adf6",
        "61f28bf2d7722a4d0ce7cee7",
        "61f28d50884e9021bc5058ac",
        "61f28e1c8ec78216e5ed072a",
        "61f28e3e538b51664d13d39c",
        "61f28e76cf7d9061babb9233",
        "61f29061050d2c6b33669836",
        "61f2906265285d0ff3199c42",
        "61f2908e4308d438171329e1",
        "61f29096f4de6364ec4ab04a",
        "61f290b5e11b8b40dd5f8cce",
        "61f290b6bde7c9510cec7980",
        "61f2912d20692268411db525",
        "61f292135b57e528844488c6",
        "61f292149d8b84581275ff7c",
        "61f2927d0682f14d3d450b63",
        "61f2927f723bf43ce090128f",
        "61f29498084e456a2694eee2",
        "61f2949a4fe15a17a23fe37c",
        "61f2949bbe313d48baacef5b",
        "61f295e2efda1420ff35045e",
        "61f295e3a7713509d7968b85",
        "61f295e523fe3b319cc31c37",
        "61f29632cc42055156a67888",
        "61f2963352ccc92f8441f5c9",
        "61f29635efe66d41ec548f5c",
        "61f2984f417e3685899726a7",
        "61f29850dddf4551d968c6bf",
        "61f29851f8109330181f1a78",
        "61f29a4a62542b0cd386a6cb",
        "61f29a4a54c29e0ec492d114",
        "61f29a4c99f764678a2f73ce",
        "61f29b1388849d172279cf8b",
        "61f29b1364983f2f6877e54c",
        "61f29b15d296197fe17f10ac",
        "61f2bb2d20c9650f2a43774f",
        "61f2bb2f512696512e1e3703",
        "61f2bb309d56bc7cad77f389",
        "61f2bd2b3689230fc4dca0f6",
        "61f2bd2bbcff963114d98f6d",
        "61f2bd2d6bb59d1a9d6b69f7",
        "61f2c16d4e273e737a37a0e6",
        "61f2c16e33f47b2883956103",
        "61f2c16f6175a76de0b75e09"
    ],
    "idEnterprisesAdmin": [
        
    ],
    "loginTypes": [
        "atlassian"
    ],
    "marketingOptIn": {
        "optedIn": true,
        "date": "2022-01-19T16:23:46.201Z"
    },
    "messagesDismissed": [
        
    ],
    "oneTimeMessagesDismissed": [
        "sent-possible-new-signup-event",
        "close-menu-of-first-board",
        "headerMemberMenuAddAccount",
        "61e83b2d16e67b88b3bd9165-memberHomeScreenPromptFull"
    ],
    "prefs": {
        "privacy": {
            "fullName": "public",
            "avatar": "public"
        },
        "sendSummaries": true,
        "minutesBetweenSummaries": 60,
        "minutesBeforeDeadlineToNotify": 1440,
        "colorBlind": false,
        "locale": "en-US"
    },
    "trophies": [
        
    ],
    "uploadedAvatarHash": null,
    "uploadedAvatarUrl": null,
    "premiumFeatures": [
        "additionalBoardBackgrounds",
        "additionalStickers",
        "customBoardBackgrounds",
        "customEmoji",
        "customStickers",
        "plugins"
    ],
    "ixUpdate": "214",
    "idEnterprise": null,
    "idEnterprisesDeactivated": [
        
    ],
    "limits": {
        "boards": {
            "totalPerMember": {
                "status": "ok",
                "disableAt": 4500,
                "warnAt": 3600
            }
        },
        "orgs": {
            "totalPerMember": {
                "status": "ok",
                "disableAt": 850,
                "warnAt": 680
            }
        }
    }
}
onTestSuccess
]]></system-out>
  </testcase>
  <testcase name="testFlow5[CreateOrganization](1)" classname="com.Trello.tests.TestFlow5" time="0.06">
    <system-out><![CDATA[onTestStart
{
    "id": "61fb307254c5fb2979a28c8a",
    "name": "tf5_testing_organization_5439",
    "displayName": "TF5_Testing_Organization_5439",
    "descData": {
        "emoji": {
            
        }
    },
    "website": null,
    "teamType": null,
    "desc": "",
    "url": "https://trello.com/tf5_testing_organization_5439",
    "logoHash": null,
    "logoUrl": null,
    "products": [
        
    ],
    "powerUps": [
        
    ],
    "idMemberCreator": "61e83b1051c59185a1ac68c4",
    "limits": {
        
    }
}
onTestSuccess
]]></system-out>
  </testcase>
  <testcase name="testFlow5[UpdateOrganization](2)" classname="com.Trello.tests.TestFlow5" time="1.475">
    <system-out><![CDATA[onTestStart
{
    "id": "61fb3073ef997d87900c664f",
    "name": "tf5_testing_organization_5485",
    "displayName": "TF5_Testing_Organization_5485",
    "descData": {
        "emoji": {
            
        }
    },
    "website": null,
    "teamType": null,
    "desc": "",
    "url": "https://trello.com/tf5_testing_organization_5485",
    "logoHash": null,
    "logoUrl": null,
    "products": [
        
    ],
    "powerUps": [
        
    ],
    "idMemberCreator": "61e83b1051c59185a1ac68c4",
    "limits": {
        
    }
}
{
    "id": "61fb3073ef997d87900c664f",
    "name": "tf5_testing_updatedorganization_8594",
    "displayName": "TF5_Testing_Organization_5485",
    "descData": {
        "emoji": {
            
        }
    },
    "website": null,
    "teamType": null,
    "desc": "",
    "url": "https://trello.com/tf5_testing_updatedorganization_8594",
    "logoHash": null,
    "logoUrl": null,
    "products": [
        
    ],
    "powerUps": [
        
    ]
}
onTestSuccess
]]></system-out>
  </testcase>
  <testcase name="testFlow5[GetOrganization](3)" classname="com.Trello.tests.TestFlow5" time="2.049">
    <system-out><![CDATA[onTestStart
{
    "id": "61fb3074afd04f4e0d6acf75",
    "name": "tf5_testing_organization_5164",
    "displayName": "TF5_Testing_Organization_5164",
    "descData": {
        "emoji": {
            
        }
    },
    "website": null,
    "teamType": null,
    "desc": "",
    "url": "https://trello.com/tf5_testing_organization_5164",
    "logoHash": null,
    "logoUrl": null,
    "products": [
        
    ],
    "powerUps": [
        
    ],
    "idMemberCreator": "61e83b1051c59185a1ac68c4",
    "limits": {
        
    }
}
{
    "id": "61fb3074afd04f4e0d6acf75",
    "name": "tf5_testing_organization_5164",
    "displayName": "TF5_Testing_Organization_5164",
    "descData": {
        "emoji": {
            
        }
    },
    "website": null,
    "teamType": null,
    "desc": "",
    "url": "https://trello.com/tf5_testing_organization_5164",
    "logoHash": null,
    "logoUrl": null,
    "products": [
        
    ],
    "powerUps": [
        
    ]
}
onTestSuccess
]]></system-out>
  </testcase>
  <testcase name="testFlow5[DeleteOrganization](4)" classname="com.Trello.tests.TestFlow5" time="2.204">
    <system-out><![CDATA[onTestStart
{
    "id": "61fb3076ec72ef3cbeed709f",
    "name": "tf5_testing_organization_162",
    "displayName": "TF5_Testing_Organization_162",
    "descData": {
        "emoji": {
            
        }
    },
    "website": null,
    "teamType": null,
    "desc": "",
    "url": "https://trello.com/tf5_testing_organization_162",
    "logoHash": null,
    "logoUrl": null,
    "products": [
        
    ],
    "powerUps": [
        
    ],
    "idMemberCreator": "61e83b1051c59185a1ac68c4",
    "limits": {
        
    }
}
{
    
}
onTestSuccess
]]></system-out>
  </testcase>
</testsuite>