<?xml version="1.0" encoding="UTF-8"?>
<!-- Generated by org.testng.reporters.JUnitReportReporter -->
<testsuite skipped="0" hostname="DESKTOP-8DPOG4F" name="com.Trello.tests.TestFlow4" tests="1" failures="0" timestamp="2022-02-03T07:01:37 IST" time="1.330" errors="0">
  <testcase name="testFlow4" time="1.330" classname="com.Trello.tests.TestFlow4"/>
  <system-out/>
</testsuite> <!-- com.Trello.tests.TestFlow4 -->
