<?xml version="1.0" encoding="UTF-8"?>
<!-- Generated by org.testng.reporters.JUnitReportReporter -->
<testsuite skipped="0" hostname="DESKTOP-8DPOG4F" name="com.Trello.tests.TestFlow3" tests="5" failures="0" timestamp="2022-02-03T07:01:37 IST" time="28.587" errors="0">
  <testcase name="testFlow3" time="3.653" classname="com.Trello.tests.TestFlow3"/>
  <system-out/>
  <testcase name="testFlow3" time="9.707" classname="com.Trello.tests.TestFlow3"/>
  <system-out/>
  <testcase name="testFlow3" time="9.010" classname="com.Trello.tests.TestFlow3"/>
  <system-out/>
  <testcase name="testFlow3" time="3.670" classname="com.Trello.tests.TestFlow3"/>
  <system-out/>
  <testcase name="testFlow3" time="2.547" classname="com.Trello.tests.TestFlow3"/>
  <system-out/>
</testsuite> <!-- com.Trello.tests.TestFlow3 -->
