<?xml version="1.0" encoding="UTF-8"?>
<!-- Generated by org.testng.reporters.JUnitReportReporter -->
<testsuite skipped="0" hostname="DESKTOP-8DPOG4F" name="com.Trello.tests.TestFlow2" tests="4" failures="0" timestamp="2022-02-03T07:01:37 IST" time="10.712" errors="0">
  <testcase name="testFlow2" time="2.618" classname="com.Trello.tests.TestFlow2"/>
  <system-out/>
  <testcase name="testFlow2" time="1.801" classname="com.Trello.tests.TestFlow2"/>
  <system-out/>
  <testcase name="testFlow2" time="4.137" classname="com.Trello.tests.TestFlow2"/>
  <system-out/>
  <testcase name="testFlow2" time="2.156" classname="com.Trello.tests.TestFlow2"/>
  <system-out/>
</testsuite> <!-- com.Trello.tests.TestFlow2 -->
