<?xml version="1.0" encoding="UTF-8"?>
<!-- Generated by org.testng.reporters.JUnitReportReporter -->
<testsuite skipped="0" hostname="DESKTOP-8DPOG4F" name="com.Trello.tests.TestFlow5" tests="4" failures="0" timestamp="2022-02-03T07:01:37 IST" time="6.554" errors="0">
  <testcase name="testFlow5" time="2.040" classname="com.Trello.tests.TestFlow5"/>
  <system-out/>
  <testcase name="testFlow5" time="0.736" classname="com.Trello.tests.TestFlow5"/>
  <system-out/>
  <testcase name="testFlow5" time="1.529" classname="com.Trello.tests.TestFlow5"/>
  <system-out/>
  <testcase name="testFlow5" time="2.249" classname="com.Trello.tests.TestFlow5"/>
  <system-out/>
</testsuite> <!-- com.Trello.tests.TestFlow5 -->
