<?xml version="1.0" encoding="UTF-8"?>
<!-- Generated by org.testng.reporters.JUnitReportReporter -->
<testsuite skipped="0" hostname="DESKTOP-8DPOG4F" name="com.Trello.tests.TestFlow1" tests="5" failures="0" timestamp="2022-02-03T07:01:37 IST" time="12.287" errors="0">
  <testcase name="testFlow1" time="1.633" classname="com.Trello.tests.TestFlow1"/>
  <system-out/>
  <testcase name="testFlow1" time="1.901" classname="com.Trello.tests.TestFlow1"/>
  <system-out/>
  <testcase name="testFlow1" time="2.358" classname="com.Trello.tests.TestFlow1"/>
  <system-out/>
  <testcase name="testFlow1" time="2.461" classname="com.Trello.tests.TestFlow1"/>
  <system-out/>
  <testcase name="testFlow1" time="3.934" classname="com.Trello.tests.TestFlow1"/>
  <system-out/>
</testsuite> <!-- com.Trello.tests.TestFlow1 -->
